#
# A fatal error has been detected by the Java Runtime Environment:
#
#  EXCEPTION_ACCESS_VIOLATION (0xc0000005) at pc=0x00007ffc51f92113, pid=9528, tid=11540
#
# JRE version: Java(TM) SE Runtime Environment (15.0.2+7) (build 15.0.2+7-27)
# Java VM: Java HotSpot(TM) 64-Bit Server VM (15.0.2+7-27, mixed mode, sharing, tiered, compressed oops, g1 gc, windows-amd64)
# Problematic frame:
# V  [jvm.dll+0x3a2113]
#
# No core dump will be written. Minidumps are not enabled by default on client versions of Windows
#
# If you would like to submit a bug report, please visit:
#   https://bugreport.java.com/bugreport/crash.jsp
#

---------------  S U M M A R Y ------------

Command Line: -Dfile.encoding=UTF-8 huyphpk00628_asm_gd2.HUYPHPK00628_ASM_GD2

Host: Intel(R) Core(TM) i5-6300U CPU @ 2.40GHz, 4 cores, 15G,  Windows 10 , 64 bit Build 19041 (10.0.19041.928)
Time: Thu Apr 22 15:01:20 2021 SE Asia Standard Time elapsed time: 1.364631 seconds (0d 0h 0m 1s)

---------------  T H R E A D  ---------------

Current thread (0x00000170226b0ed0):  JavaThread "main" [_thread_in_vm, id=11540, stack(0x000000462d600000,0x000000462d700000)]

Stack: [0x000000462d600000,0x000000462d700000],  sp=0x000000462d6fe4c0,  free space=1017k
Native frames: (J=compiled Java code, j=interpreted, Vv=VM code, C=native code)
V  [jvm.dll+0x3a2113]
C  [sqljdbc_auth.dll+0x714f]

Java frames: (J=compiled Java code, j=interpreted, Vv=VM code)
j  com.microsoft.sqlserver.jdbc.AuthenticationJNI.SNISecGenClientContext([B[I[BI[B[I[ZLjava/lang/String;Ljava/lang/String;Ljava/lang/String;Ljava/util/logging/Logger;)I+0
j  com.microsoft.sqlserver.jdbc.AuthenticationJNI.GenerateClientContext([BI[B[I[Z)I+24
j  com.microsoft.sqlserver.jdbc.SQLServerConnection.SSPIData([B[B[I[ZLcom/microsoft/sqlserver/jdbc/AuthenticationJNI;)V+13
j  com.microsoft.sqlserver.jdbc.SQLServerConnection.sendLogon(Lcom/microsoft/sqlserver/jdbc/SQLServerConnection$LogonCommand;Lcom/microsoft/sqlserver/jdbc/AuthenticationJNI;)V+151
j  com.microsoft.sqlserver.jdbc.SQLServerConnection.logon(Lcom/microsoft/sqlserver/jdbc/SQLServerConnection$LogonCommand;)V+20
j  com.microsoft.sqlserver.jdbc.SQLServerConnection.access$000(Lcom/microsoft/sqlserver/jdbc/SQLServerConnection;Lcom/microsoft/sqlserver/jdbc/SQLServerConnection$LogonCommand;)V+2
j  com.microsoft.sqlserver.jdbc.SQLServerConnection$LogonCommand.doExecute()Z+5
j  com.microsoft.sqlserver.jdbc.TDSCommand.execute(Lcom/microsoft/sqlserver/jdbc/TDSWriter;Lcom/microsoft/sqlserver/jdbc/TDSReader;)Z+30
j  com.microsoft.sqlserver.jdbc.SQLServerConnection.executeCommand(Lcom/microsoft/sqlserver/jdbc/TDSCommand;)Z+45
j  com.microsoft.sqlserver.jdbc.SQLServerConnection.connectHelper(Lcom/microsoft/sqlserver/jdbc/ServerPortPlaceHolder;II)V+284
j  com.microsoft.sqlserver.jdbc.SQLServerConnection.login(Ljava/lang/String;Ljava/lang/String;ILjava/lang/String;Lcom/microsoft/sqlserver/jdbc/FailoverInfo;IJ)V+399
j  com.microsoft.sqlserver.jdbc.SQLServerConnection.connect(Ljava/util/Properties;Lcom/microsoft/sqlserver/jdbc/SQLServerPooledConnection;)Ljava/sql/Connection;+1736
j  com.microsoft.sqlserver.jdbc.SQLServerDriver.connect(Ljava/lang/String;Ljava/util/Properties;)Ljava/sql/Connection;+45
j  java.sql.DriverManager.getConnection(Ljava/lang/String;Ljava/util/Properties;Ljava/lang/Class;)Ljava/sql/Connection;+131 java.sql@15.0.2
j  java.sql.DriverManager.getConnection(Ljava/lang/String;)Ljava/sql/Connection;+13 java.sql@15.0.2
j  database.clsConnectDB.<init>()V+21
j  huyphpk00628_asm_gd2.HUYPHPK00628_ASM_GD2.<clinit>()V+14
v  ~StubRoutines::call_stub

siginfo: EXCEPTION_ACCESS_VIOLATION (0xc0000005), reading address 0x0000000000000008


Register to memory mapping:

RIP=0x00007ffc51f92113 jvm.dll
RAX=0x0 is NULL
RBX=0x00000170226b0ed0 is a thread
RCX=0x000000462d6fe800 is pointing into the stack for thread: 0x00000170226b0ed0
RDX=0x000000462d6fe800 is pointing into the stack for thread: 0x00000170226b0ed0
RSP=0x000000462d6fe4c0 is pointing into the stack for thread: 0x00000170226b0ed0
RBP=0x00000170226b11f8 points into unknown readable memory: 0x00007ffc525ede40 | 40 de 5e 52 fc 7f 00 00
RSI=0x000000462d6fe800 is pointing into the stack for thread: 0x00000170226b0ed0
RDI=0x0 is NULL
R8 =0x00007ffc525ede40 jvm.dll
R9 =0x0 is NULL
R10=0x00007ffc962df310 sqljdbc_auth.dll
R11=0x00000007115a7ce0 is pointing into object: [B 
{0x00000007115a7cd0} - klass: {type array byte}
 - length: 47
R12=0x0 is NULL
R13=0x000000462d6fe880 is pointing into the stack for thread: 0x00000170226b0ed0
R14=0x000000462d6fe878 is pointing into the stack for thread: 0x00000170226b0ed0
R15=0x0 is NULL


Registers:
RAX=0x0000000000000000, RBX=0x00000170226b0ed0, RCX=0x000000462d6fe800, RDX=0x000000462d6fe800
RSP=0x000000462d6fe4c0, RBP=0x00000170226b11f8, RSI=0x000000462d6fe800, RDI=0x0000000000000000
R8 =0x00007ffc525ede40, R9 =0x0000000000000000, R10=0x00007ffc962df310, R11=0x00000007115a7ce0
R12=0x0000000000000000, R13=0x000000462d6fe880, R14=0x000000462d6fe878, R15=0x0000000000000000
RIP=0x00007ffc51f92113, EFLAGS=0x0000000000010202

Top of Stack: (sp=0x000000462d6fe4c0)
0x000000462d6fe4c0:   000000462d6fe878 00000170226b0ed0
0x000000462d6fe4d0:   00007ffc962df310 00007ffc962df310
0x000000462d6fe4e0:   00000170226b0ed0 0000000000000000
0x000000462d6fe4f0:   0000017000000000 000000462d6fe4a0
0x000000462d6fe500:   00000170227779d0 00007ffc962b714f
0x000000462d6fe510:   00000170226b11f8 000000462d6fe810
0x000000462d6fe520:   000000462d6fe800 0000000000000000
0x000000462d6fe530:   0000000000000000 000001702c11cd00
0x000000462d6fe540:   0000004601000000 000000462d6fe4a0
0x000000462d6fe550:   0000000000000000 0000000000000000
0x000000462d6fe560:   0000000000000000 0000000000000000
0x000000462d6fe570:   0000000000000000 0000000000000000
0x000000462d6fe580:   0000000000000000 0000000000000000
0x000000462d6fe590:   0000000000000000 000000462d6fe848
0x000000462d6fe5a0:   000000462d6fe860 0000000000000000
0x000000462d6fe5b0:   0000000000000000 0000000000000000 

Instructions: (pc=0x00007ffc51f92113)
0x00007ffc51f92013:   cb e8 77 ac 2e 00 48 8b c6 c7 83 98 03 00 00 04
0x00007ffc51f92023:   00 00 00 48 8b b4 24 c0 00 00 00 48 81 c4 d0 00
0x00007ffc51f92033:   00 00 5b c3 cc cc cc cc cc cc cc cc cc 48 89 5c
0x00007ffc51f92043:   24 08 48 89 6c 24 10 48 89 74 24 18 57 48 83 ec
0x00007ffc51f92053:   40 8b 81 88 00 00 00 48 8d 99 d8 fc ff ff 05 55
0x00007ffc51f92063:   21 ff ff 33 ff 48 8b f2 48 8b e9 83 f8 01 76 0a
0x00007ffc51f92073:   48 8b cb e8 05 b6 39 00 8b df c7 83 98 03 00 00
0x00007ffc51f92083:   05 00 00 00 e8 a4 a9 27 00 48 8b 03 48 8b cb ff
0x00007ffc51f92093:   50 38 84 c0 74 0e 48 8b 83 10 01 00 00 c0 e8 03
0x00007ffc51f920a3:   24 01 eb 0b 8b 05 63 a6 6f 00 85 c0 0f 95 c0 84
0x00007ffc51f920b3:   c0 75 0d 8b 83 e0 00 00 00 a9 04 00 00 20 74 08
0x00007ffc51f920c3:   48 8b cb e8 35 bc 39 00 c7 83 98 03 00 00 06 00
0x00007ffc51f920d3:   00 00 48 89 5c 24 20 48 89 7c 24 28 48 39 7b 08
0x00007ffc51f920e3:   74 0a 48 8d 4c 24 20 e8 01 48 2b 00 40 f6 c6 01
0x00007ffc51f920f3:   74 0c 48 8d 4e ff ff 15 a9 96 65 00 eb 09 48 8b
0x00007ffc51f92103:   ce ff 15 fe 1e 65 00 40 38 3d d0 0e 6e 00 74 15
0x00007ffc51f92113:   8b 40 08 8b 0d 04 99 65 00 48 d3 e0 48 03 05 f2
0x00007ffc51f92123:   98 65 00 eb 04 48 8b 40 08 48 8b 48 70 48 85 c9
0x00007ffc51f92133:   74 09 ff 15 cd 1e 65 00 48 8b f8 48 8b d7 48 8b
0x00007ffc51f92143:   cd e8 d7 4d 03 00 48 83 7c 24 28 00 48 8b f0 74
0x00007ffc51f92153:   0a 48 8d 4c 24 20 e8 32 48 2b 00 48 8b bb f8 00
0x00007ffc51f92163:   00 00 48 8b 4f 10 48 83 39 00 74 0c 48 8b cf e8
0x00007ffc51f92173:   f9 23 f7 ff 48 8b 4f 10 48 8b 47 08 48 89 48 10
0x00007ffc51f92183:   48 8b 4f 08 48 8b 47 18 48 89 41 18 48 8b 4f 08
0x00007ffc51f92193:   48 8b 47 20 48 89 41 20 c7 83 98 03 00 00 07 00
0x00007ffc51f921a3:   00 00 e8 86 a8 27 00 48 8b 83 10 01 00 00 c0 e8
0x00007ffc51f921b3:   03 a8 01 74 08 48 8b cb e8 d0 aa 2e 00 48 8b 6c
0x00007ffc51f921c3:   24 58 48 8b c6 48 8b 74 24 60 c7 83 98 03 00 00
0x00007ffc51f921d3:   04 00 00 00 48 8b 5c 24 50 48 83 c4 40 5f c3 cc
0x00007ffc51f921e3:   cc cc cc cc cc cc cc cc cc cc cc cc cc 48 89 5c
0x00007ffc51f921f3:   24 08 48 89 6c 24 10 48 89 74 24 18 57 48 83 ec
0x00007ffc51f92203:   20 8b 81 88 00 00 00 48 8d 99 d8 fc ff ff 05 55 


Stack slot to memory mapping:
stack at sp + 0 slots: 0x000000462d6fe878 is pointing into the stack for thread: 0x00000170226b0ed0
stack at sp + 1 slots: 0x00000170226b0ed0 is a thread
stack at sp + 2 slots: 0x00007ffc962df310 sqljdbc_auth.dll
stack at sp + 3 slots: 0x00007ffc962df310 sqljdbc_auth.dll
stack at sp + 4 slots: 0x00000170226b0ed0 is a thread
stack at sp + 5 slots: 0x0 is NULL
stack at sp + 6 slots: 0x0000017000000000 is an unknown value
stack at sp + 7 slots: 0x000000462d6fe4a0 is pointing into the stack for thread: 0x00000170226b0ed0


---------------  P R O C E S S  ---------------

Threads class SMR info:
_java_thread_list=0x000001704883d4b0, length=18, elements={
0x00000170226b0ed0, 0x00000170474bbc40, 0x00000170474bc620, 0x00000170474d0f00,
0x00000170474d37d0, 0x00000170474d4090, 0x00000170474d5d40, 0x00000170474ddc10,
0x0000017047de84a0, 0x0000017047f08c00, 0x0000017047f24690, 0x0000017048190320,
0x00000170481907f0, 0x0000017048198490, 0x0000017048539300, 0x000001704854c540,
0x0000017048552900, 0x0000017048847520
}

Java Threads: ( => current thread )
=>0x00000170226b0ed0 JavaThread "main" [_thread_in_vm, id=11540, stack(0x000000462d600000,0x000000462d700000)]
  0x00000170474bbc40 JavaThread "Reference Handler" daemon [_thread_blocked, id=12412, stack(0x000000462dd00000,0x000000462de00000)]
  0x00000170474bc620 JavaThread "Finalizer" daemon [_thread_blocked, id=5588, stack(0x000000462de00000,0x000000462df00000)]
  0x00000170474d0f00 JavaThread "Signal Dispatcher" daemon [_thread_blocked, id=8456, stack(0x000000462df00000,0x000000462e000000)]
  0x00000170474d37d0 JavaThread "Attach Listener" daemon [_thread_blocked, id=11688, stack(0x000000462e000000,0x000000462e100000)]
  0x00000170474d4090 JavaThread "Service Thread" daemon [_thread_blocked, id=4596, stack(0x000000462e100000,0x000000462e200000)]
  0x00000170474d5d40 JavaThread "C2 CompilerThread0" daemon [_thread_blocked, id=7268, stack(0x000000462e200000,0x000000462e300000)]
  0x00000170474ddc10 JavaThread "C1 CompilerThread0" daemon [_thread_blocked, id=6112, stack(0x000000462e300000,0x000000462e400000)]
  0x0000017047de84a0 JavaThread "Sweeper thread" daemon [_thread_blocked, id=12452, stack(0x000000462e400000,0x000000462e500000)]
  0x0000017047f08c00 JavaThread "Notification Thread" daemon [_thread_blocked, id=12960, stack(0x000000462e500000,0x000000462e600000)]
  0x0000017047f24690 JavaThread "Common-Cleaner" daemon [_thread_blocked, id=10060, stack(0x000000462e700000,0x000000462e800000)]
  0x0000017048190320 JavaThread "Java2D Disposer" daemon [_thread_blocked, id=2004, stack(0x000000462e800000,0x000000462e900000)]
  0x00000170481907f0 JavaThread "AWT-Shutdown" [_thread_blocked, id=11032, stack(0x000000462e900000,0x000000462ea00000)]
  0x0000017048198490 JavaThread "AWT-Windows" daemon [_thread_in_native, id=9952, stack(0x000000462ea00000,0x000000462eb00000)]
  0x0000017048539300 JavaThread "Image Fetcher 3" daemon [_thread_blocked, id=11208, stack(0x000000462eb00000,0x000000462ec00000)]
  0x000001704854c540 JavaThread "AWT-EventQueue-0" [_thread_blocked, id=9728, stack(0x000000462ec00000,0x000000462ed00000)]
  0x0000017048552900 JavaThread "Image Fetcher 0" daemon [_thread_blocked, id=1616, stack(0x000000462ed00000,0x000000462ee00000)]
  0x0000017048847520 JavaThread "C2 CompilerThread1" daemon [_thread_blocked, id=11468, stack(0x000000462f100000,0x000000462f200000)]

Other Threads:
  0x00000170474b85a0 VMThread "VM Thread" [stack: 0x000000462dc00000,0x000000462dd00000] [id=5252]
  0x0000017047f120d0 WatcherThread [stack: 0x000000462e600000,0x000000462e700000] [id=10300]
  0x0000017022701be0 GCTaskThread "GC Thread#0" [stack: 0x000000462d700000,0x000000462d800000] [id=3388]
  0x0000017048861da0 GCTaskThread "GC Thread#1" [stack: 0x000000462f300000,0x000000462f400000] [id=8928]
  0x0000017048862d90 GCTaskThread "GC Thread#2" [stack: 0x000000462f400000,0x000000462f500000] [id=9220]
  0x0000017048863d80 GCTaskThread "GC Thread#3" [stack: 0x000000462f500000,0x000000462f600000] [id=7528]
  0x0000017022713b20 ConcurrentGCThread "G1 Main Marker" [stack: 0x000000462d800000,0x000000462d900000] [id=12920]
  0x0000017022714d40 ConcurrentGCThread "G1 Conc#0" [stack: 0x000000462d900000,0x000000462da00000] [id=9656]
  0x0000017022779850 ConcurrentGCThread "G1 Refine#0" [stack: 0x000000462da00000,0x000000462db00000] [id=10984]
  0x0000017048b14830 ConcurrentGCThread "G1 Refine#1" [stack: 0x000000462f600000,0x000000462f700000] [id=10732]
  0x0000017047343230 ConcurrentGCThread "G1 Young RemSet Sampling" [stack: 0x000000462db00000,0x000000462dc00000] [id=12936]

Threads with active compile tasks:

VM state: not at safepoint (normal execution)

VM Mutex/Monitor currently owned by a thread: None

Heap address: 0x0000000701a00000, size: 4070 MB, Compressed Oops mode: Zero based, Oop shift amount: 3
CDS archive(s) mapped at: [0x0000000800000000-0x0000000800b50000-0x0000000800b50000), size 11862016, SharedBaseAddress: 0x0000000800000000, ArchiveRelocationMode: 0.
Compressed class space mapped at: 0x0000000800b50000-0x0000000840b50000, size: 1073741824
Narrow klass base: 0x0000000800000000, Narrow klass shift: 3, Narrow klass range: 0x100000000

GC Precious Log:
 CPUs: 4 total, 4 available
 Memory: 16275M
 Large Page Support: Disabled
 NUMA Support: Disabled
 Compressed Oops: Enabled (Zero based)
 Heap Region Size: 2M
 Heap Min Capacity: 8M
 Heap Initial Capacity: 256M
 Heap Max Capacity: 4070M
 Pre-touch: Disabled
 Parallel Workers: 4
 Concurrent Workers: 1
 Concurrent Refinement Workers: 4
 Periodic GC: Disabled

Heap:
 garbage-first heap   total 262144K, used 7506K [0x0000000701a00000, 0x0000000800000000)
  region size 2048K, 4 young (8192K), 1 survivors (2048K)
 Metaspace       used 16024K, capacity 16195K, committed 16512K, reserved 1064960K
  class space    used 1785K, capacity 1852K, committed 1920K, reserved 1048576K

Heap Regions: E=young(eden), S=young(survivor), O=old, HS=humongous(starts), HC=humongous(continues), CS=collection set, F=free, OA=open archive, CA=closed archive, TAMS=top-at-mark-start (previous, next)
|   0|0x0000000701a00000, 0x0000000701b54800, 0x0000000701c00000| 66%| O|  |TAMS 0x0000000701a00000, 0x0000000701a00000| Untracked 
|   1|0x0000000701c00000, 0x0000000701c00000, 0x0000000701e00000|  0%| F|  |TAMS 0x0000000701c00000, 0x0000000701c00000| Untracked 
|   2|0x0000000701e00000, 0x0000000701e00000, 0x0000000702000000|  0%| F|  |TAMS 0x0000000701e00000, 0x0000000701e00000| Untracked 
|   3|0x0000000702000000, 0x0000000702000000, 0x0000000702200000|  0%| F|  |TAMS 0x0000000702000000, 0x0000000702000000| Untracked 
|   4|0x0000000702200000, 0x0000000702200000, 0x0000000702400000|  0%| F|  |TAMS 0x0000000702200000, 0x0000000702200000| Untracked 
|   5|0x0000000702400000, 0x0000000702400000, 0x0000000702600000|  0%| F|  |TAMS 0x0000000702400000, 0x0000000702400000| Untracked 
|   6|0x0000000702600000, 0x0000000702600000, 0x0000000702800000|  0%| F|  |TAMS 0x0000000702600000, 0x0000000702600000| Untracked 
|   7|0x0000000702800000, 0x0000000702800000, 0x0000000702a00000|  0%| F|  |TAMS 0x0000000702800000, 0x0000000702800000| Untracked 
|   8|0x0000000702a00000, 0x0000000702a00000, 0x0000000702c00000|  0%| F|  |TAMS 0x0000000702a00000, 0x0000000702a00000| Untracked 
|   9|0x0000000702c00000, 0x0000000702c00000, 0x0000000702e00000|  0%| F|  |TAMS 0x0000000702c00000, 0x0000000702c00000| Untracked 
|  10|0x0000000702e00000, 0x0000000702e00000, 0x0000000703000000|  0%| F|  |TAMS 0x0000000702e00000, 0x0000000702e00000| Untracked 
|  11|0x0000000703000000, 0x0000000703000000, 0x0000000703200000|  0%| F|  |TAMS 0x0000000703000000, 0x0000000703000000| Untracked 
|  12|0x0000000703200000, 0x0000000703200000, 0x0000000703400000|  0%| F|  |TAMS 0x0000000703200000, 0x0000000703200000| Untracked 
|  13|0x0000000703400000, 0x0000000703400000, 0x0000000703600000|  0%| F|  |TAMS 0x0000000703400000, 0x0000000703400000| Untracked 
|  14|0x0000000703600000, 0x0000000703600000, 0x0000000703800000|  0%| F|  |TAMS 0x0000000703600000, 0x0000000703600000| Untracked 
|  15|0x0000000703800000, 0x0000000703800000, 0x0000000703a00000|  0%| F|  |TAMS 0x0000000703800000, 0x0000000703800000| Untracked 
|  16|0x0000000703a00000, 0x0000000703a00000, 0x0000000703c00000|  0%| F|  |TAMS 0x0000000703a00000, 0x0000000703a00000| Untracked 
|  17|0x0000000703c00000, 0x0000000703c00000, 0x0000000703e00000|  0%| F|  |TAMS 0x0000000703c00000, 0x0000000703c00000| Untracked 
|  18|0x0000000703e00000, 0x0000000703e00000, 0x0000000704000000|  0%| F|  |TAMS 0x0000000703e00000, 0x0000000703e00000| Untracked 
|  19|0x0000000704000000, 0x0000000704000000, 0x0000000704200000|  0%| F|  |TAMS 0x0000000704000000, 0x0000000704000000| Untracked 
|  20|0x0000000704200000, 0x0000000704200000, 0x0000000704400000|  0%| F|  |TAMS 0x0000000704200000, 0x0000000704200000| Untracked 
|  21|0x0000000704400000, 0x0000000704400000, 0x0000000704600000|  0%| F|  |TAMS 0x0000000704400000, 0x0000000704400000| Untracked 
|  22|0x0000000704600000, 0x0000000704600000, 0x0000000704800000|  0%| F|  |TAMS 0x0000000704600000, 0x0000000704600000| Untracked 
|  23|0x0000000704800000, 0x0000000704800000, 0x0000000704a00000|  0%| F|  |TAMS 0x0000000704800000, 0x0000000704800000| Untracked 
|  24|0x0000000704a00000, 0x0000000704a00000, 0x0000000704c00000|  0%| F|  |TAMS 0x0000000704a00000, 0x0000000704a00000| Untracked 
|  25|0x0000000704c00000, 0x0000000704c00000, 0x0000000704e00000|  0%| F|  |TAMS 0x0000000704c00000, 0x0000000704c00000| Untracked 
|  26|0x0000000704e00000, 0x0000000704e00000, 0x0000000705000000|  0%| F|  |TAMS 0x0000000704e00000, 0x0000000704e00000| Untracked 
|  27|0x0000000705000000, 0x0000000705000000, 0x0000000705200000|  0%| F|  |TAMS 0x0000000705000000, 0x0000000705000000| Untracked 
|  28|0x0000000705200000, 0x0000000705200000, 0x0000000705400000|  0%| F|  |TAMS 0x0000000705200000, 0x0000000705200000| Untracked 
|  29|0x0000000705400000, 0x0000000705400000, 0x0000000705600000|  0%| F|  |TAMS 0x0000000705400000, 0x0000000705400000| Untracked 
|  30|0x0000000705600000, 0x0000000705600000, 0x0000000705800000|  0%| F|  |TAMS 0x0000000705600000, 0x0000000705600000| Untracked 
|  31|0x0000000705800000, 0x0000000705800000, 0x0000000705a00000|  0%| F|  |TAMS 0x0000000705800000, 0x0000000705800000| Untracked 
|  32|0x0000000705a00000, 0x0000000705a00000, 0x0000000705c00000|  0%| F|  |TAMS 0x0000000705a00000, 0x0000000705a00000| Untracked 
|  33|0x0000000705c00000, 0x0000000705c00000, 0x0000000705e00000|  0%| F|  |TAMS 0x0000000705c00000, 0x0000000705c00000| Untracked 
|  34|0x0000000705e00000, 0x0000000705e00000, 0x0000000706000000|  0%| F|  |TAMS 0x0000000705e00000, 0x0000000705e00000| Untracked 
|  35|0x0000000706000000, 0x0000000706000000, 0x0000000706200000|  0%| F|  |TAMS 0x0000000706000000, 0x0000000706000000| Untracked 
|  36|0x0000000706200000, 0x0000000706200000, 0x0000000706400000|  0%| F|  |TAMS 0x0000000706200000, 0x0000000706200000| Untracked 
|  37|0x0000000706400000, 0x0000000706400000, 0x0000000706600000|  0%| F|  |TAMS 0x0000000706400000, 0x0000000706400000| Untracked 
|  38|0x0000000706600000, 0x0000000706600000, 0x0000000706800000|  0%| F|  |TAMS 0x0000000706600000, 0x0000000706600000| Untracked 
|  39|0x0000000706800000, 0x0000000706800000, 0x0000000706a00000|  0%| F|  |TAMS 0x0000000706800000, 0x0000000706800000| Untracked 
|  40|0x0000000706a00000, 0x0000000706a00000, 0x0000000706c00000|  0%| F|  |TAMS 0x0000000706a00000, 0x0000000706a00000| Untracked 
|  41|0x0000000706c00000, 0x0000000706c00000, 0x0000000706e00000|  0%| F|  |TAMS 0x0000000706c00000, 0x0000000706c00000| Untracked 
|  42|0x0000000706e00000, 0x0000000706e00000, 0x0000000707000000|  0%| F|  |TAMS 0x0000000706e00000, 0x0000000706e00000| Untracked 
|  43|0x0000000707000000, 0x0000000707000000, 0x0000000707200000|  0%| F|  |TAMS 0x0000000707000000, 0x0000000707000000| Untracked 
|  44|0x0000000707200000, 0x0000000707200000, 0x0000000707400000|  0%| F|  |TAMS 0x0000000707200000, 0x0000000707200000| Untracked 
|  45|0x0000000707400000, 0x0000000707400000, 0x0000000707600000|  0%| F|  |TAMS 0x0000000707400000, 0x0000000707400000| Untracked 
|  46|0x0000000707600000, 0x0000000707600000, 0x0000000707800000|  0%| F|  |TAMS 0x0000000707600000, 0x0000000707600000| Untracked 
|  47|0x0000000707800000, 0x0000000707800000, 0x0000000707a00000|  0%| F|  |TAMS 0x0000000707800000, 0x0000000707800000| Untracked 
|  48|0x0000000707a00000, 0x0000000707a00000, 0x0000000707c00000|  0%| F|  |TAMS 0x0000000707a00000, 0x0000000707a00000| Untracked 
|  49|0x0000000707c00000, 0x0000000707c00000, 0x0000000707e00000|  0%| F|  |TAMS 0x0000000707c00000, 0x0000000707c00000| Untracked 
|  50|0x0000000707e00000, 0x0000000707e00000, 0x0000000708000000|  0%| F|  |TAMS 0x0000000707e00000, 0x0000000707e00000| Untracked 
|  51|0x0000000708000000, 0x0000000708000000, 0x0000000708200000|  0%| F|  |TAMS 0x0000000708000000, 0x0000000708000000| Untracked 
|  52|0x0000000708200000, 0x0000000708200000, 0x0000000708400000|  0%| F|  |TAMS 0x0000000708200000, 0x0000000708200000| Untracked 
|  53|0x0000000708400000, 0x0000000708400000, 0x0000000708600000|  0%| F|  |TAMS 0x0000000708400000, 0x0000000708400000| Untracked 
|  54|0x0000000708600000, 0x0000000708600000, 0x0000000708800000|  0%| F|  |TAMS 0x0000000708600000, 0x0000000708600000| Untracked 
|  55|0x0000000708800000, 0x0000000708800000, 0x0000000708a00000|  0%| F|  |TAMS 0x0000000708800000, 0x0000000708800000| Untracked 
|  56|0x0000000708a00000, 0x0000000708a00000, 0x0000000708c00000|  0%| F|  |TAMS 0x0000000708a00000, 0x0000000708a00000| Untracked 
|  57|0x0000000708c00000, 0x0000000708c00000, 0x0000000708e00000|  0%| F|  |TAMS 0x0000000708c00000, 0x0000000708c00000| Untracked 
|  58|0x0000000708e00000, 0x0000000708e00000, 0x0000000709000000|  0%| F|  |TAMS 0x0000000708e00000, 0x0000000708e00000| Untracked 
|  59|0x0000000709000000, 0x0000000709000000, 0x0000000709200000|  0%| F|  |TAMS 0x0000000709000000, 0x0000000709000000| Untracked 
|  60|0x0000000709200000, 0x0000000709200000, 0x0000000709400000|  0%| F|  |TAMS 0x0000000709200000, 0x0000000709200000| Untracked 
|  61|0x0000000709400000, 0x0000000709400000, 0x0000000709600000|  0%| F|  |TAMS 0x0000000709400000, 0x0000000709400000| Untracked 
|  62|0x0000000709600000, 0x0000000709600000, 0x0000000709800000|  0%| F|  |TAMS 0x0000000709600000, 0x0000000709600000| Untracked 
|  63|0x0000000709800000, 0x0000000709800000, 0x0000000709a00000|  0%| F|  |TAMS 0x0000000709800000, 0x0000000709800000| Untracked 
|  64|0x0000000709a00000, 0x0000000709a00000, 0x0000000709c00000|  0%| F|  |TAMS 0x0000000709a00000, 0x0000000709a00000| Untracked 
|  65|0x0000000709c00000, 0x0000000709c00000, 0x0000000709e00000|  0%| F|  |TAMS 0x0000000709c00000, 0x0000000709c00000| Untracked 
|  66|0x0000000709e00000, 0x0000000709e00000, 0x000000070a000000|  0%| F|  |TAMS 0x0000000709e00000, 0x0000000709e00000| Untracked 
|  67|0x000000070a000000, 0x000000070a000000, 0x000000070a200000|  0%| F|  |TAMS 0x000000070a000000, 0x000000070a000000| Untracked 
|  68|0x000000070a200000, 0x000000070a200000, 0x000000070a400000|  0%| F|  |TAMS 0x000000070a200000, 0x000000070a200000| Untracked 
|  69|0x000000070a400000, 0x000000070a400000, 0x000000070a600000|  0%| F|  |TAMS 0x000000070a400000, 0x000000070a400000| Untracked 
|  70|0x000000070a600000, 0x000000070a600000, 0x000000070a800000|  0%| F|  |TAMS 0x000000070a600000, 0x000000070a600000| Untracked 
|  71|0x000000070a800000, 0x000000070a800000, 0x000000070aa00000|  0%| F|  |TAMS 0x000000070a800000, 0x000000070a800000| Untracked 
|  72|0x000000070aa00000, 0x000000070aa00000, 0x000000070ac00000|  0%| F|  |TAMS 0x000000070aa00000, 0x000000070aa00000| Untracked 
|  73|0x000000070ac00000, 0x000000070ac00000, 0x000000070ae00000|  0%| F|  |TAMS 0x000000070ac00000, 0x000000070ac00000| Untracked 
|  74|0x000000070ae00000, 0x000000070ae00000, 0x000000070b000000|  0%| F|  |TAMS 0x000000070ae00000, 0x000000070ae00000| Untracked 
|  75|0x000000070b000000, 0x000000070b000000, 0x000000070b200000|  0%| F|  |TAMS 0x000000070b000000, 0x000000070b000000| Untracked 
|  76|0x000000070b200000, 0x000000070b200000, 0x000000070b400000|  0%| F|  |TAMS 0x000000070b200000, 0x000000070b200000| Untracked 
|  77|0x000000070b400000, 0x000000070b400000, 0x000000070b600000|  0%| F|  |TAMS 0x000000070b400000, 0x000000070b400000| Untracked 
|  78|0x000000070b600000, 0x000000070b600000, 0x000000070b800000|  0%| F|  |TAMS 0x000000070b600000, 0x000000070b600000| Untracked 
|  79|0x000000070b800000, 0x000000070b800000, 0x000000070ba00000|  0%| F|  |TAMS 0x000000070b800000, 0x000000070b800000| Untracked 
|  80|0x000000070ba00000, 0x000000070ba00000, 0x000000070bc00000|  0%| F|  |TAMS 0x000000070ba00000, 0x000000070ba00000| Untracked 
|  81|0x000000070bc00000, 0x000000070bc00000, 0x000000070be00000|  0%| F|  |TAMS 0x000000070bc00000, 0x000000070bc00000| Untracked 
|  82|0x000000070be00000, 0x000000070be00000, 0x000000070c000000|  0%| F|  |TAMS 0x000000070be00000, 0x000000070be00000| Untracked 
|  83|0x000000070c000000, 0x000000070c000000, 0x000000070c200000|  0%| F|  |TAMS 0x000000070c000000, 0x000000070c000000| Untracked 
|  84|0x000000070c200000, 0x000000070c200000, 0x000000070c400000|  0%| F|  |TAMS 0x000000070c200000, 0x000000070c200000| Untracked 
|  85|0x000000070c400000, 0x000000070c400000, 0x000000070c600000|  0%| F|  |TAMS 0x000000070c400000, 0x000000070c400000| Untracked 
|  86|0x000000070c600000, 0x000000070c600000, 0x000000070c800000|  0%| F|  |TAMS 0x000000070c600000, 0x000000070c600000| Untracked 
|  87|0x000000070c800000, 0x000000070c800000, 0x000000070ca00000|  0%| F|  |TAMS 0x000000070c800000, 0x000000070c800000| Untracked 
|  88|0x000000070ca00000, 0x000000070ca00000, 0x000000070cc00000|  0%| F|  |TAMS 0x000000070ca00000, 0x000000070ca00000| Untracked 
|  89|0x000000070cc00000, 0x000000070cc00000, 0x000000070ce00000|  0%| F|  |TAMS 0x000000070cc00000, 0x000000070cc00000| Untracked 
|  90|0x000000070ce00000, 0x000000070ce00000, 0x000000070d000000|  0%| F|  |TAMS 0x000000070ce00000, 0x000000070ce00000| Untracked 
|  91|0x000000070d000000, 0x000000070d000000, 0x000000070d200000|  0%| F|  |TAMS 0x000000070d000000, 0x000000070d000000| Untracked 
|  92|0x000000070d200000, 0x000000070d200000, 0x000000070d400000|  0%| F|  |TAMS 0x000000070d200000, 0x000000070d200000| Untracked 
|  93|0x000000070d400000, 0x000000070d400000, 0x000000070d600000|  0%| F|  |TAMS 0x000000070d400000, 0x000000070d400000| Untracked 
|  94|0x000000070d600000, 0x000000070d600000, 0x000000070d800000|  0%| F|  |TAMS 0x000000070d600000, 0x000000070d600000| Untracked 
|  95|0x000000070d800000, 0x000000070d800000, 0x000000070da00000|  0%| F|  |TAMS 0x000000070d800000, 0x000000070d800000| Untracked 
|  96|0x000000070da00000, 0x000000070da00000, 0x000000070dc00000|  0%| F|  |TAMS 0x000000070da00000, 0x000000070da00000| Untracked 
|  97|0x000000070dc00000, 0x000000070dc00000, 0x000000070de00000|  0%| F|  |TAMS 0x000000070dc00000, 0x000000070dc00000| Untracked 
|  98|0x000000070de00000, 0x000000070de00000, 0x000000070e000000|  0%| F|  |TAMS 0x000000070de00000, 0x000000070de00000| Untracked 
|  99|0x000000070e000000, 0x000000070e000000, 0x000000070e200000|  0%| F|  |TAMS 0x000000070e000000, 0x000000070e000000| Untracked 
| 100|0x000000070e200000, 0x000000070e200000, 0x000000070e400000|  0%| F|  |TAMS 0x000000070e200000, 0x000000070e200000| Untracked 
| 101|0x000000070e400000, 0x000000070e400000, 0x000000070e600000|  0%| F|  |TAMS 0x000000070e400000, 0x000000070e400000| Untracked 
| 102|0x000000070e600000, 0x000000070e600000, 0x000000070e800000|  0%| F|  |TAMS 0x000000070e600000, 0x000000070e600000| Untracked 
| 103|0x000000070e800000, 0x000000070e800000, 0x000000070ea00000|  0%| F|  |TAMS 0x000000070e800000, 0x000000070e800000| Untracked 
| 104|0x000000070ea00000, 0x000000070ea00000, 0x000000070ec00000|  0%| F|  |TAMS 0x000000070ea00000, 0x000000070ea00000| Untracked 
| 105|0x000000070ec00000, 0x000000070ec00000, 0x000000070ee00000|  0%| F|  |TAMS 0x000000070ec00000, 0x000000070ec00000| Untracked 
| 106|0x000000070ee00000, 0x000000070ee00000, 0x000000070f000000|  0%| F|  |TAMS 0x000000070ee00000, 0x000000070ee00000| Untracked 
| 107|0x000000070f000000, 0x000000070f000000, 0x000000070f200000|  0%| F|  |TAMS 0x000000070f000000, 0x000000070f000000| Untracked 
| 108|0x000000070f200000, 0x000000070f200000, 0x000000070f400000|  0%| F|  |TAMS 0x000000070f200000, 0x000000070f200000| Untracked 
| 109|0x000000070f400000, 0x000000070f400000, 0x000000070f600000|  0%| F|  |TAMS 0x000000070f400000, 0x000000070f400000| Untracked 
| 110|0x000000070f600000, 0x000000070f600000, 0x000000070f800000|  0%| F|  |TAMS 0x000000070f600000, 0x000000070f600000| Untracked 
| 111|0x000000070f800000, 0x000000070f800000, 0x000000070fa00000|  0%| F|  |TAMS 0x000000070f800000, 0x000000070f800000| Untracked 
| 112|0x000000070fa00000, 0x000000070fa00000, 0x000000070fc00000|  0%| F|  |TAMS 0x000000070fa00000, 0x000000070fa00000| Untracked 
| 113|0x000000070fc00000, 0x000000070fc00000, 0x000000070fe00000|  0%| F|  |TAMS 0x000000070fc00000, 0x000000070fc00000| Untracked 
| 114|0x000000070fe00000, 0x000000070fe00000, 0x0000000710000000|  0%| F|  |TAMS 0x000000070fe00000, 0x000000070fe00000| Untracked 
| 115|0x0000000710000000, 0x0000000710000000, 0x0000000710200000|  0%| F|  |TAMS 0x0000000710000000, 0x0000000710000000| Untracked 
| 116|0x0000000710200000, 0x0000000710200000, 0x0000000710400000|  0%| F|  |TAMS 0x0000000710200000, 0x0000000710200000| Untracked 
| 117|0x0000000710400000, 0x0000000710400000, 0x0000000710600000|  0%| F|  |TAMS 0x0000000710400000, 0x0000000710400000| Untracked 
| 118|0x0000000710600000, 0x0000000710600000, 0x0000000710800000|  0%| F|  |TAMS 0x0000000710600000, 0x0000000710600000| Untracked 
| 119|0x0000000710800000, 0x0000000710800000, 0x0000000710a00000|  0%| F|  |TAMS 0x0000000710800000, 0x0000000710800000| Untracked 
| 120|0x0000000710a00000, 0x0000000710a00000, 0x0000000710c00000|  0%| F|  |TAMS 0x0000000710a00000, 0x0000000710a00000| Untracked 
| 121|0x0000000710c00000, 0x0000000710e00000, 0x0000000710e00000|100%| S|CS|TAMS 0x0000000710c00000, 0x0000000710c00000| Complete 
| 122|0x0000000710e00000, 0x0000000710e00000, 0x0000000711000000|  0%| F|  |TAMS 0x0000000710e00000, 0x0000000710e00000| Untracked 
| 123|0x0000000711000000, 0x0000000711000000, 0x0000000711200000|  0%| F|  |TAMS 0x0000000711000000, 0x0000000711000000| Untracked 
| 124|0x0000000711200000, 0x0000000711200000, 0x0000000711400000|  0%| F|  |TAMS 0x0000000711200000, 0x0000000711200000| Untracked 
| 125|0x0000000711400000, 0x00000007115b0db8, 0x0000000711600000| 84%| E|  |TAMS 0x0000000711400000, 0x0000000711400000| Complete 
| 126|0x0000000711600000, 0x0000000711800000, 0x0000000711800000|100%| E|CS|TAMS 0x0000000711600000, 0x0000000711600000| Complete 
| 127|0x0000000711800000, 0x0000000711a00000, 0x0000000711a00000|100%| E|CS|TAMS 0x0000000711800000, 0x0000000711800000| Complete 

Card table byte_map: [0x000001703bf10000,0x000001703c710000] _byte_map_base: 0x0000017038703000

Marking Bits (Prev, Next): (CMBitMap*) 0x0000017022703270, (CMBitMap*) 0x00000170227032b0
 Prev Bits: [0x000001703cf10000, 0x0000017040ea8000)
 Next Bits: [0x0000017040eb0000, 0x0000017044e48000)

Polling page: 0x0000017022790000

Metaspace:

Usage:
  Non-class:     14.01 MB capacity,    13.90 MB (>99%) used,    84.16 KB ( <1%) free+waste,    20.44 KB ( <1%) overhead. 
      Class:      1.81 MB capacity,     1.74 MB ( 96%) used,    58.08 KB (  3%) free+waste,     7.94 KB ( <1%) overhead. 
       Both:     15.82 MB capacity,    15.65 MB ( 99%) used,   142.23 KB ( <1%) free+waste,    28.38 KB ( <1%) overhead. 

Virtual space:
  Non-class space:       16.00 MB reserved,      14.25 MB ( 89%) committed 
      Class space:        1.00 GB reserved,       1.88 MB ( <1%) committed 
             Both:        1.02 GB reserved,      16.12 MB (  2%) committed 

Chunk freelists:
   Non-Class:  57.00 KB
       Class:  4.00 KB
        Both:  61.00 KB

MaxMetaspaceSize: 17179869184.00 GB
CompressedClassSpaceSize: 1.00 GB

CodeHeap 'non-profiled nmethods': size=120000Kb used=519Kb max_used=519Kb free=119480Kb
 bounds [0x0000017033bc0000, 0x0000017033e30000, 0x000001703b0f0000]
CodeHeap 'profiled nmethods': size=120000Kb used=2723Kb max_used=2723Kb free=117276Kb
 bounds [0x000001702c690000, 0x000001702c940000, 0x0000017033bc0000]
CodeHeap 'non-nmethods': size=5760Kb used=1337Kb max_used=1380Kb free=4422Kb
 bounds [0x000001702c0f0000, 0x000001702c360000, 0x000001702c690000]
 total_blobs=2247 nmethods=1614 adapters=545
 compilation: enabled
              stopped_count=0, restarted_count=0
 full_count=0

Compilation events (20 events):
Event: 1.308 Thread 0x00000170474ddc10 1602       1       sun.security.ec.point.AffinePoint::getX (5 bytes)
Event: 1.308 Thread 0x00000170474ddc10 nmethod 1602 0x0000017033c34890 code [0x0000017033c34a20, 0x0000017033c34ad8]
Event: 1.308 Thread 0x00000170474ddc10 1603       1       sun.security.ec.point.AffinePoint::getY (5 bytes)
Event: 1.308 Thread 0x00000170474ddc10 nmethod 1603 0x0000017033c34b90 code [0x0000017033c34d20, 0x0000017033c34dd8]
Event: 1.310 Thread 0x00000170474ddc10 1606       2       sun.security.ec.ECOperations::double4 (29 bytes)
Event: 1.311 Thread 0x00000170474ddc10 nmethod 1606 0x000001702c932b90 code [0x000001702c932d40, 0x000001702c932f48]
Event: 1.311 Thread 0x00000170474ddc10 1607       2       sun.security.ec.ECOperations::setSum (815 bytes)
Event: 1.315 Thread 0x00000170474ddc10 nmethod 1607 0x000001702c933090 code [0x000001702c933740, 0x000001702c935b38]
Event: 1.315 Thread 0x00000170474ddc10 1608       2       sun.security.util.math.intpoly.IntegerPolynomial$MutableElement::setAdditiveInverse (5 bytes)
Event: 1.316 Thread 0x00000170474ddc10 nmethod 1608 0x000001702c937290 code [0x000001702c937420, 0x000001702c937528]
Event: 1.316 Thread 0x00000170474ddc10 1610       2       jdk.internal.reflect.NativeConstructorAccessorImpl::newInstance (102 bytes)
Event: 1.317 Thread 0x00000170474ddc10 nmethod 1610 0x000001702c937610 code [0x000001702c937820, 0x000001702c937d28]
Event: 1.317 Thread 0x00000170474ddc10 1612       2       java.lang.Long::reverseBytes (46 bytes)
Event: 1.317 Thread 0x00000170474ddc10 nmethod 1612 0x000001702c938090 code [0x000001702c938220, 0x000001702c938358]
Event: 1.329 Thread 0x00000170474ddc10 1615       2       java.util.LinkedHashMap::get (29 bytes)
Event: 1.329 Thread 0x00000170474ddc10 nmethod 1615 0x000001702c938410 code [0x000001702c9385c0, 0x000001702c938758]
Event: 1.329 Thread 0x00000170474ddc10 1616       2       java.util.LinkedHashMap$LinkedEntryIterator::next (5 bytes)
Event: 1.329 Thread 0x00000170474ddc10 nmethod 1616 0x000001702c938890 code [0x000001702c938a20, 0x000001702c938b28]
Event: 1.329 Thread 0x00000170474ddc10 1617       2       java.util.LinkedHashMap$LinkedEntryIterator::next (5 bytes)
Event: 1.329 Thread 0x00000170474ddc10 nmethod 1617 0x000001702c938c10 code [0x000001702c938da0, 0x000001702c938ea8]

GC Heap History (2 events):
Event: 1.047 GC heap before
{Heap before GC invocations=0 (full 0):
 garbage-first heap   total 262144K, used 12288K [0x0000000701a00000, 0x0000000800000000)
  region size 2048K, 6 young (12288K), 0 survivors (0K)
 Metaspace       used 13407K, capacity 13725K, committed 13952K, reserved 1060864K
  class space    used 1469K, capacity 1562K, committed 1664K, reserved 1048576K
}
Event: 1.055 GC heap after
{Heap after GC invocations=1 (full 0):
 garbage-first heap   total 262144K, used 3410K [0x0000000701a00000, 0x0000000800000000)
  region size 2048K, 1 young (2048K), 1 survivors (2048K)
 Metaspace       used 13407K, capacity 13725K, committed 13952K, reserved 1060864K
  class space    used 1469K, capacity 1562K, committed 1664K, reserved 1048576K
}

Deoptimization events (20 events):
Event: 1.201 Thread 0x00000170226b0ed0 DEOPT PACKING pc=0x000001702c8b61e0 sp=0x000000462d6fe6b0
Event: 1.201 Thread 0x00000170226b0ed0 DEOPT UNPACKING pc=0x000001702c13e23f sp=0x000000462d6fdb68 mode 0
Event: 1.201 Thread 0x00000170226b0ed0 DEOPT PACKING pc=0x000001702c8b61e0 sp=0x000000462d6fe6b0
Event: 1.201 Thread 0x00000170226b0ed0 DEOPT UNPACKING pc=0x000001702c13e23f sp=0x000000462d6fdb68 mode 0
Event: 1.202 Thread 0x00000170226b0ed0 DEOPT PACKING pc=0x000001702c8b61e0 sp=0x000000462d6fe6b0
Event: 1.202 Thread 0x00000170226b0ed0 DEOPT UNPACKING pc=0x000001702c13e23f sp=0x000000462d6fdb68 mode 0
Event: 1.203 Thread 0x00000170226b0ed0 DEOPT PACKING pc=0x000001702c8b61e0 sp=0x000000462d6fe730
Event: 1.203 Thread 0x00000170226b0ed0 DEOPT UNPACKING pc=0x000001702c13e23f sp=0x000000462d6fdbe8 mode 0
Event: 1.204 Thread 0x00000170226b0ed0 DEOPT PACKING pc=0x000001702c8b61e0 sp=0x000000462d6fe730
Event: 1.204 Thread 0x00000170226b0ed0 DEOPT UNPACKING pc=0x000001702c13e23f sp=0x000000462d6fdbe8 mode 0
Event: 1.205 Thread 0x00000170226b0ed0 DEOPT PACKING pc=0x000001702c8b61e0 sp=0x000000462d6fe750
Event: 1.205 Thread 0x00000170226b0ed0 DEOPT UNPACKING pc=0x000001702c13e23f sp=0x000000462d6fdc08 mode 0
Event: 1.205 Thread 0x00000170226b0ed0 Uncommon trap: trap_request=0xffffff76 fr.pc=0x0000017033c2e4b0 relative=0x0000000000000490
Event: 1.205 Thread 0x00000170226b0ed0 Uncommon trap: reason=predicate action=maybe_recompile pc=0x0000017033c2e4b0 method=java.util.regex.Pattern$SliceI.match(Ljava/util/regex/Matcher;ILjava/lang/CharSequence;)Z @ 18 c2
Event: 1.205 Thread 0x00000170226b0ed0 DEOPT PACKING pc=0x0000017033c2e4b0 sp=0x000000462d6fe0f0
Event: 1.205 Thread 0x00000170226b0ed0 DEOPT UNPACKING pc=0x000001702c13e42f sp=0x000000462d6fe068 mode 2
Event: 1.206 Thread 0x00000170226b0ed0 DEOPT PACKING pc=0x000001702c8b61e0 sp=0x000000462d6fe6f0
Event: 1.206 Thread 0x00000170226b0ed0 DEOPT UNPACKING pc=0x000001702c13e23f sp=0x000000462d6fdba8 mode 0
Event: 1.207 Thread 0x00000170226b0ed0 DEOPT PACKING pc=0x000001702c8b61e0 sp=0x000000462d6fe6f0
Event: 1.207 Thread 0x00000170226b0ed0 DEOPT UNPACKING pc=0x000001702c13e23f sp=0x000000462d6fdba8 mode 0

Classes unloaded (0 events):
No events

Classes redefined (0 events):
No events

Internal exceptions (20 events):
Event: 0.156 Thread 0x00000170226b0ed0 Exception <a 'java/io/FileNotFoundException'{0x000000071198b6e0}> (0x000000071198b6e0) 
thrown [./open/src/hotspot/share/prims/jni.cpp, line 578]
Event: 0.167 Thread 0x00000170226b0ed0 Exception <a 'java/io/FileNotFoundException'{0x00000007119ba1c0}> (0x00000007119ba1c0) 
thrown [./open/src/hotspot/share/prims/jni.cpp, line 578]
Event: 0.168 Thread 0x00000170226b0ed0 Exception <a 'java/lang/NoSuchMethodError'{0x00000007119bb3b8}: 'java.lang.Object java.lang.invoke.DirectMethodHandle$Holder.invokeStatic(java.lang.Object)'> (0x00000007119bb3b8) 
thrown [./open/src/hotspot/share/interpreter/linkResolver.cpp, line 782]
Event: 0.218 Thread 0x00000170226b0ed0 Exception <a 'java/lang/NoSuchMethodError'{0x0000000711618518}: 'java.lang.Object java.lang.invoke.DirectMethodHandle$Holder.invokeStaticInit(java.lang.Object)'> (0x0000000711618518) 
thrown [./open/src/hotspot/share/interpreter/linkResolver.cpp, line 782]
Event: 0.279 Thread 0x00000170226b0ed0 Exception <a 'java/lang/NoSuchMethodError'{0x00000007116c8168}: 'java.lang.Object java.lang.invoke.DirectMethodHandle$Holder.newInvokeSpecial(java.lang.Object, java.lang.Object, java.lang.Object, java.lang.Object, java.lang.Object)'> (0x00000007116c8168) 
thrown [./open/src/hotspot/share/interpreter/linkResolver.cpp, line 782]
Event: 0.281 Thread 0x00000170226b0ed0 Exception <a 'java/lang/NoSuchMethodError'{0x00000007116d3bf8}: 'java.lang.Object java.lang.invoke.DirectMethodHandle$Holder.invokeStatic(java.lang.Object, int, java.lang.Object, java.lang.Object, java.lang.Object, java.lang.Object)'> (0x00000007116d3bf8) 
thrown [./open/src/hotspot/share/interpreter/linkResolver.cpp, line 782]
Event: 0.288 Thread 0x00000170226b0ed0 Exception <a 'java/lang/NoSuchMethodError'{0x00000007116fa258}: 'java.lang.Object java.lang.invoke.DirectMethodHandle$Holder.invokeStatic(java.lang.Object, int, java.lang.Object)'> (0x00000007116fa258) 
thrown [./open/src/hotspot/share/interpreter/linkResolver.cpp, line 782]
Event: 0.334 Thread 0x00000170226b0ed0 Exception <a 'java/lang/ClassNotFoundException'{0x00000007117b2cc0}: com/sun/swing/internal/plaf/metal/resources/spi/metalProvider> (0x00000007117b2cc0) 
thrown [./open/src/hotspot/share/classfile/systemDictionary.cpp, line 295]
Event: 0.336 Thread 0x00000170226b0ed0 Exception <a 'java/lang/ClassNotFoundException'{0x00000007117b6fb0}: com/sun/swing/internal/plaf/basic/resources/spi/basicProvider> (0x00000007117b6fb0) 
thrown [./open/src/hotspot/share/classfile/systemDictionary.cpp, line 295]
Event: 0.425 Thread 0x0000017048539300 Exception <a 'java/lang/NoSuchMethodError'{0x000000071144d728}: 'java.lang.Object java.lang.invoke.DirectMethodHandle$Holder.newInvokeSpecial(java.lang.Object, java.lang.Object, java.lang.Object, int, int, int, int, int)'> (0x000000071144d728) 
thrown [./open/src/hotspot/share/interpreter/linkResolver.cpp, line 782]
Event: 0.601 Thread 0x00000170226b0ed0 Exception <a 'java/lang/NoSuchMethodError'{0x00000007112151d0}: 'void java.lang.invoke.DirectMethodHandle$Holder.invokeStaticInit(java.lang.Object)'> (0x00000007112151d0) 
thrown [./open/src/hotspot/share/interpreter/linkResolver.cpp, line 782]
Event: 0.791 Thread 0x00000170226b0ed0 Exception <a 'java/lang/NoSuchMethodError'{0x00000007113347c0}: 'void java.lang.invoke.DirectMethodHandle$Holder.invokeStatic(java.lang.Object, java.lang.Object)'> (0x00000007113347c0) 
thrown [./open/src/hotspot/share/interpreter/linkResolver.cpp, line 782]
Event: 0.791 Thread 0x00000170226b0ed0 Exception <a 'java/lang/NoSuchMethodError'{0x00000007113381c8}: 'void java.lang.invoke.DirectMethodHandle$Holder.invokeStaticInit(java.lang.Object, java.lang.Object)'> (0x00000007113381c8) 
thrown [./open/src/hotspot/share/interpreter/linkResolver.cpp, line 782]
Event: 0.867 Thread 0x00000170226b0ed0 Exception <a 'java/lang/NoSuchMethodError'{0x000000071109a9d8}: 'java.lang.Object java.lang.invoke.DirectMethodHandle$Holder.invokeInterface(java.lang.Object, java.lang.Object)'> (0x000000071109a9d8) 
thrown [./open/src/hotspot/share/interpreter/linkResolver.cpp, line 782]
Event: 0.985 Thread 0x00000170226b0ed0 Exception <a 'java/lang/NoSuchMethodError'{0x0000000710ee69f8}: 'java.lang.Object java.lang.invoke.DirectMethodHandle$Holder.invokeStaticInit(java.lang.Object, int, int, int, int)'> (0x0000000710ee69f8) 
thrown [./open/src/hotspot/share/interpreter/linkResolver.cpp, line 782]
Event: 0.988 Thread 0x00000170226b0ed0 Exception <a 'sun/nio/fs/WindowsException'{0x0000000710eed248}> (0x0000000710eed248) 
thrown [./open/src/hotspot/share/prims/jni.cpp, line 578]
Event: 1.003 Thread 0x00000170226b0ed0 Exception <a 'java/lang/NoSuchMethodError'{0x0000000710f1d168}: 'int java.lang.invoke.DirectMethodHandle$Holder.invokeStaticInit(java.lang.Object, java.lang.Object, java.lang.Object, java.lang.Object)'> (0x0000000710f1d168) 
thrown [./open/src/hotspot/share/interpreter/linkResolver.cpp, line 782]
Event: 1.005 Thread 0x00000170226b0ed0 Exception <a 'java/lang/IncompatibleClassChangeError'{0x0000000710f27060}: Found class java.lang.Object, but interface was expected> (0x0000000710f27060) 
thrown [./open/src/hotspot/share/interpreter/linkResolver.cpp, line 848]
Event: 1.006 Thread 0x00000170226b0ed0 Exception <a 'java/lang/NoSuchMethodError'{0x0000000710f2d118}: 'int java.lang.invoke.DirectMethodHandle$Holder.invokeStaticInit(java.lang.Object, java.lang.Object)'> (0x0000000710f2d118) 
thrown [./open/src/hotspot/share/interpreter/linkResolver.cpp, line 782]
Event: 1.156 Thread 0x00000170226b0ed0 Exception <a 'java/lang/NoSuchMethodError'{0x000000071167a010}: 'java.lang.Object java.lang.invoke.DirectMethodHandle$Holder.invokeStaticInit(java.lang.Object, java.lang.Object, int, int, int, int)'> (0x000000071167a010) 
thrown [./open/src/hotspot/share/interpreter/linkResolver.cpp, line 782]

Events (20 events):
Event: 1.322 loading class sun/security/ssl/SSLCipher$T12GcmWriteCipherGenerator$GcmWriteCipher done
Event: 1.322 loading class javax/crypto/NullCipher
Event: 1.322 loading class javax/crypto/NullCipher done
Event: 1.322 loading class javax/crypto/spec/GCMParameterSpec
Event: 1.322 loading class javax/crypto/spec/GCMParameterSpec done
Event: 1.323 loading class com/sun/crypto/provider/GCTR
Event: 1.323 loading class com/sun/crypto/provider/CounterMode
Event: 1.323 loading class com/sun/crypto/provider/CounterMode done
Event: 1.323 loading class com/sun/crypto/provider/GCTR done
Event: 1.323 loading class com/sun/crypto/provider/GHASH
Event: 1.323 loading class com/sun/crypto/provider/GHASH done
Event: 1.326 loading class sun/security/ssl/SSLCipher$T12GcmReadCipherGenerator$GcmReadCipher
Event: 1.327 loading class sun/security/ssl/SSLCipher$T12GcmReadCipherGenerator$GcmReadCipher done
Event: 1.328 loading class jdk/internal/event/TLSHandshakeEvent
Event: 1.328 loading class jdk/internal/event/TLSHandshakeEvent done
Event: 1.328 loading class javax/net/ssl/SSLEngineResult$HandshakeStatus
Event: 1.328 loading class javax/net/ssl/SSLEngineResult$HandshakeStatus done
Event: 1.332 Loaded shared library C:\Program Files\Java\jdk-15.0.2\bin\sqljdbc_auth.dll
Event: 1.347 loading class java/net/InetAddress$CachedLocalHost
Event: 1.347 loading class java/net/InetAddress$CachedLocalHost done


Dynamic libraries:
0x00007ff6a7270000 - 0x00007ff6a727f000 	C:\Program Files\Java\jdk-15.0.2\bin\java.exe
0x00007ffca1690000 - 0x00007ffca1885000 	C:\Windows\SYSTEM32\ntdll.dll
0x00007ffca0170000 - 0x00007ffca022d000 	C:\Windows\System32\KERNEL32.DLL
0x00007ffc9ef30000 - 0x00007ffc9f1f8000 	C:\Windows\System32\KERNELBASE.dll
0x00007ffc9f540000 - 0x00007ffc9f640000 	C:\Windows\System32\ucrtbase.dll
0x00007ffc9bff0000 - 0x00007ffc9c009000 	C:\Program Files\Java\jdk-15.0.2\bin\VCRUNTIME140.dll
0x00007ffc97340000 - 0x00007ffc97358000 	C:\Program Files\Java\jdk-15.0.2\bin\jli.dll
0x00007ffca0e90000 - 0x00007ffca0f3c000 	C:\Windows\System32\ADVAPI32.dll
0x00007ffca0f40000 - 0x00007ffca0fde000 	C:\Windows\System32\msvcrt.dll
0x00007ffca1530000 - 0x00007ffca15cb000 	C:\Windows\System32\sechost.dll
0x00007ffca0000000 - 0x00007ffca012b000 	C:\Windows\System32\RPCRT4.dll
0x00007ffca0510000 - 0x00007ffca06b0000 	C:\Windows\System32\USER32.dll
0x00007ffc9f200000 - 0x00007ffc9f222000 	C:\Windows\System32\win32u.dll
0x00007ffca0230000 - 0x00007ffca025a000 	C:\Windows\System32\GDI32.dll
0x00007ffc9f230000 - 0x00007ffc9f33b000 	C:\Windows\System32\gdi32full.dll
0x00007ffc9f420000 - 0x00007ffc9f4bd000 	C:\Windows\System32\msvcp_win.dll
0x00007ffc8c570000 - 0x00007ffc8c80a000 	C:\Windows\WinSxS\amd64_microsoft.windows.common-controls_6595b64144ccf1df_6.0.19041.844_none_ca00b6081b84eb1d\COMCTL32.dll
0x00007ffc90c90000 - 0x00007ffc90c9a000 	C:\Windows\SYSTEM32\VERSION.dll
0x00007ffca0130000 - 0x00007ffca0160000 	C:\Windows\System32\IMM32.DLL
0x00007ffc9bfe0000 - 0x00007ffc9bfec000 	C:\Program Files\Java\jdk-15.0.2\bin\vcruntime140_1.dll
0x00007ffc7a200000 - 0x00007ffc7a291000 	C:\Program Files\Java\jdk-15.0.2\bin\msvcp140.dll
0x00007ffc51bf0000 - 0x00007ffc5274e000 	C:\Program Files\Java\jdk-15.0.2\bin\server\jvm.dll
0x00007ffca0160000 - 0x00007ffca0168000 	C:\Windows\System32\PSAPI.DLL
0x00007ffc87500000 - 0x00007ffc87509000 	C:\Windows\SYSTEM32\WSOCK32.dll
0x00007ffc8c810000 - 0x00007ffc8c837000 	C:\Windows\SYSTEM32\WINMM.dll
0x00007ffca15e0000 - 0x00007ffca164b000 	C:\Windows\System32\WS2_32.dll
0x00007ffc9d6a0000 - 0x00007ffc9d6b2000 	C:\Windows\SYSTEM32\kernel.appcore.dll
0x00007ffc9bf60000 - 0x00007ffc9bf6a000 	C:\Program Files\Java\jdk-15.0.2\bin\jimage.dll
0x00007ffc9cbc0000 - 0x00007ffc9cda4000 	C:\Windows\SYSTEM32\DBGHELP.DLL
0x00007ffc7bd40000 - 0x00007ffc7bd6c000 	C:\Windows\SYSTEM32\dbgcore.DLL
0x00007ffc9f4c0000 - 0x00007ffc9f540000 	C:\Windows\System32\bcryptPrimitives.dll
0x00007ffc96e80000 - 0x00007ffc96ea5000 	C:\Program Files\Java\jdk-15.0.2\bin\java.dll
0x00007ffc9f8b0000 - 0x00007ffc9fff2000 	C:\Windows\System32\SHELL32.dll
0x00007ffc9cdb0000 - 0x00007ffc9d541000 	C:\Windows\SYSTEM32\windows.storage.dll
0x00007ffca11d0000 - 0x00007ffca1525000 	C:\Windows\System32\combase.dll
0x00007ffc9e840000 - 0x00007ffc9e86c000 	C:\Windows\SYSTEM32\Wldp.dll
0x00007ffca0460000 - 0x00007ffca050e000 	C:\Windows\System32\SHCORE.dll
0x00007ffca10b0000 - 0x00007ffca1105000 	C:\Windows\System32\shlwapi.dll
0x00007ffc9ed10000 - 0x00007ffc9ed2f000 	C:\Windows\SYSTEM32\profapi.dll
0x00007ffc99c80000 - 0x00007ffc99c99000 	C:\Program Files\Java\jdk-15.0.2\bin\net.dll
0x00007ffc907d0000 - 0x00007ffc908db000 	C:\Windows\SYSTEM32\WINHTTP.dll
0x00007ffc9e5b0000 - 0x00007ffc9e61a000 	C:\Windows\system32\mswsock.dll
0x00007ffc981f0000 - 0x00007ffc98202000 	C:\Program Files\Java\jdk-15.0.2\bin\nio.dll
0x00007ffc96e60000 - 0x00007ffc96e78000 	C:\Program Files\Java\jdk-15.0.2\bin\zip.dll
0x00007ffc6e950000 - 0x00007ffc6ead0000 	C:\Program Files\Java\jdk-15.0.2\bin\awt.dll
0x00007ffca0fe0000 - 0x00007ffca10ad000 	C:\Windows\System32\OLEAUT32.dll
0x00007ffc9c180000 - 0x00007ffc9c210000 	C:\Windows\SYSTEM32\apphelp.dll
0x00007ffc9c630000 - 0x00007ffc9c65f000 	C:\Windows\system32\DWMAPI.DLL
0x00007ffc9c370000 - 0x00007ffc9c40e000 	C:\Windows\system32\uxtheme.dll
0x00007ffc79ad0000 - 0x00007ffc79bf6000 	C:\Windows\system32\opengl32.dll
0x00007ffc8abb0000 - 0x00007ffc8abdc000 	C:\Windows\SYSTEM32\GLU32.dll
0x00007ffca0d70000 - 0x00007ffca0e85000 	C:\Windows\System32\MSCTF.dll
0x00007ffca0310000 - 0x00007ffca043a000 	C:\Windows\System32\ole32.dll
0x00007ffc7a170000 - 0x00007ffc7a1f5000 	C:\Program Files\Java\jdk-15.0.2\bin\freetype.dll
0x00007ffc72290000 - 0x00007ffc72339000 	C:\Program Files\Java\jdk-15.0.2\bin\fontmanager.dll
0x00007ffca0260000 - 0x00007ffca0309000 	C:\Windows\System32\clbcatq.dll
0x00007ffc98e40000 - 0x00007ffc98ff4000 	C:\Windows\SYSTEM32\WindowsCodecs.dll
0x00007ffc9f340000 - 0x00007ffc9f367000 	C:\Windows\System32\bcrypt.dll
0x00007ffc88940000 - 0x00007ffc8897e000 	C:\Windows\system32\dataexchange.dll
0x00007ffc9b2a0000 - 0x00007ffc9b485000 	C:\Windows\system32\dcomp.dll
0x00007ffc9a9c0000 - 0x00007ffc9ac24000 	C:\Windows\system32\d3d11.dll
0x00007ffc9d710000 - 0x00007ffc9d803000 	C:\Windows\system32\dxgi.dll
0x00007ffc99230000 - 0x00007ffc99431000 	C:\Windows\system32\twinapi.appcore.dll
0x00007ffc9e290000 - 0x00007ffc9e35c000 	C:\Windows\SYSTEM32\DNSAPI.dll
0x00007ffc9e250000 - 0x00007ffc9e28b000 	C:\Windows\SYSTEM32\IPHLPAPI.DLL
0x00007ffca15d0000 - 0x00007ffca15d8000 	C:\Windows\System32\NSI.dll
0x00007ffc8fab0000 - 0x00007ffc8faba000 	C:\Windows\System32\rasadhlp.dll
0x00007ffc8f8d0000 - 0x00007ffc8f94f000 	C:\Windows\System32\fwpuclnt.dll
0x00007ffc9e780000 - 0x00007ffc9e798000 	C:\Windows\SYSTEM32\CRYPTSP.dll
0x00007ffc9dee0000 - 0x00007ffc9df14000 	C:\Windows\system32\rsaenh.dll
0x00007ffc9ecd0000 - 0x00007ffc9ecfe000 	C:\Windows\SYSTEM32\USERENV.dll
0x00007ffc9e7a0000 - 0x00007ffc9e7ac000 	C:\Windows\SYSTEM32\CRYPTBASE.dll
0x00007ffc90cd0000 - 0x00007ffc90ce7000 	C:\Windows\SYSTEM32\dhcpcsvc6.DLL
0x00007ffc90cb0000 - 0x00007ffc90ccd000 	C:\Windows\SYSTEM32\dhcpcsvc.DLL
0x00007ffc96e30000 - 0x00007ffc96e3d000 	C:\Program Files\Java\jdk-15.0.2\bin\sunmscapi.dll
0x00007ffc9edd0000 - 0x00007ffc9ef2f000 	C:\Windows\System32\CRYPT32.dll
0x00007ffc9e8b0000 - 0x00007ffc9e8d7000 	C:\Windows\SYSTEM32\ncrypt.dll
0x00007ffc9e870000 - 0x00007ffc9e8ab000 	C:\Windows\SYSTEM32\NTASN1.dll
0x00007ffc962b0000 - 0x00007ffc962ff000 	C:\Program Files\Java\jdk-15.0.2\bin\sqljdbc_auth.dll
0x00007ffc8b1a0000 - 0x00007ffc8b1ac000 	C:\Windows\system32\secur32.dll
0x00007ffc9ec90000 - 0x00007ffc9ecc1000 	C:\Windows\SYSTEM32\SSPICLI.DLL
0x00007ffc9e670000 - 0x00007ffc9e77b000 	C:\Windows\system32\kerberos.DLL
0x00007ffc9e9c0000 - 0x00007ffc9e9d2000 	C:\Windows\SYSTEM32\MSASN1.dll
0x00007ffc9e520000 - 0x00007ffc9e5ad000 	C:\Windows\system32\msv1_0.DLL
0x00007ffc9e500000 - 0x00007ffc9e513000 	C:\Windows\SYSTEM32\NtlmShared.dll
0x00007ffc9e620000 - 0x00007ffc9e635000 	C:\Windows\SYSTEM32\cryptdll.dll
0x00007ffc6b4e0000 - 0x00007ffc6b50a000 	C:\Windows\system32\ntdsapi.dll
0x00007ffc7ad40000 - 0x00007ffc7ad57000 	C:\Windows\system32\napinsp.dll
0x00007ffc7aaa0000 - 0x00007ffc7aabb000 	C:\Windows\system32\pnrpnsp.dll
0x00007ffc7aa80000 - 0x00007ffc7aa95000 	C:\Windows\system32\wshbth.dll
0x00007ffc99e30000 - 0x00007ffc99e4d000 	C:\Windows\system32\NLAapi.dll
0x00007ffc7aa60000 - 0x00007ffc7aa72000 	C:\Windows\System32\winrnr.dll

dbghelp: loaded successfully - version: 4.0.5 - missing functions: none
symbol engine: initialized successfully - sym options: 0x614 - pdb path: .;C:\Program Files\Java\jdk-15.0.2\bin;C:\Windows\SYSTEM32;C:\Windows\WinSxS\amd64_microsoft.windows.common-controls_6595b64144ccf1df_6.0.19041.844_none_ca00b6081b84eb1d;C:\Program Files\Java\jdk-15.0.2\bin\server

VM Arguments:
jvm_args: -Dfile.encoding=UTF-8 
java_command: huyphpk00628_asm_gd2.HUYPHPK00628_ASM_GD2
java_class_path (initial): D:\download\sqljdbc4-3.0.jar\sqljdbc4-3.0.jar;D:\QLBH\build\classes
Launcher Type: SUN_STANDARD

[Global flags]
     intx CICompilerCount                          = 3                                         {product} {ergonomic}
     uint ConcGCThreads                            = 1                                         {product} {ergonomic}
     uint G1ConcRefinementThreads                  = 4                                         {product} {ergonomic}
   size_t G1HeapRegionSize                         = 2097152                                   {product} {ergonomic}
    uintx GCDrainStackTargetSize                   = 64                                        {product} {ergonomic}
   size_t InitialHeapSize                          = 268435456                                 {product} {ergonomic}
   size_t MarkStackSize                            = 4194304                                   {product} {ergonomic}
   size_t MaxHeapSize                              = 4267704320                                {product} {ergonomic}
   size_t MaxNewSize                               = 2560622592                                {product} {ergonomic}
   size_t MinHeapDeltaBytes                        = 2097152                                   {product} {ergonomic}
   size_t MinHeapSize                              = 8388608                                   {product} {ergonomic}
    uintx NonNMethodCodeHeapSize                   = 5832780                                {pd product} {ergonomic}
    uintx NonProfiledCodeHeapSize                  = 122912730                              {pd product} {ergonomic}
    uintx ProfiledCodeHeapSize                     = 122912730                              {pd product} {ergonomic}
    uintx ReservedCodeCacheSize                    = 251658240                              {pd product} {ergonomic}
     bool SegmentedCodeCache                       = true                                      {product} {ergonomic}
   size_t SoftMaxHeapSize                          = 4267704320                             {manageable} {ergonomic}
     bool UseCompressedClassPointers               = true                                 {lp64_product} {ergonomic}
     bool UseCompressedOops                        = true                                 {lp64_product} {ergonomic}
     bool UseG1GC                                  = true                                      {product} {ergonomic}
     bool UseLargePagesIndividualAllocation        = false                                  {pd product} {ergonomic}

Logging:
Log output configuration:
 #0: stdout all=warning uptime,level,tags
 #1: stderr all=off uptime,level,tags

Environment Variables:
PATH=C:\Program Files (x86)\Common Files\Oracle\Java\javapath;C:\Program Files\Common Files\Oracle\Java\javapath;C:\Windows\system32;C:\Windows;C:\Windows\System32\Wbem;C:\Windows\System32\WindowsPowerShell\v1.0\;C:\Windows\System32\OpenSSH\;C:\Program Files\Git\cmd;C:\Program Files\Microsoft SQL Server\Client SDK\ODBC\170\Tools\Binn\;C:\Program Files\nodejs\;C:\Program Files (x86)\Microsoft SQL Server\150\Tools\Binn\;C:\Program Files\Microsoft SQL Server\150\Tools\Binn\;C:\Program Files\Microsoft SQL Server\150\DTS\Binn\;C:\Program Files (x86)\Microsoft SQL Server\Client SDK\ODBC\130\Tools\Binn\;C:\Program Files (x86)\Microsoft SQL Server\140\Tools\Binn\;C:\Program Files (x86)\Microsoft SQL Server\140\DTS\Binn\;C:\Program Files (x86)\Microsoft SQL Server\140\Tools\Binn\ManagementStudio\;C:\Program Files (x86)\Microsoft SQL Server\150\DTS\Binn\;C:\Program Files\Microsoft SQL Server\130\Tools\Binn\;C:\Program Files\dotnet\;C:\Users\MINH\AppData\Local\Microsoft\WindowsApps;;C:\Users\MINH\AppData\Local\Programs\Microsoft VS Code\bin;C:\Program Files\Azure Data Studio\bin;C:\Users\MINH\AppData\Roaming\npm;C:\Program Files\Azure Data Studio\bin;C:\Users\MINH\.dotnet\tools
USERNAME=MINH
OS=Windows_NT
PROCESSOR_IDENTIFIER=Intel64 Family 6 Model 78 Stepping 3, GenuineIntel



---------------  S Y S T E M  ---------------

OS:
 Windows 10 , 64 bit Build 19041 (10.0.19041.928)
OS uptime: 0 days 23:09 hours

CPU: total 4 (initial active 4) (2 cores per cpu, 2 threads per core) family 6 model 78 stepping 3 microcode 0xd6, cmov, cx8, fxsr, mmx, sse, sse2, sse3, ssse3, sse4.1, sse4.2, popcnt, vzeroupper, avx, avx2, aes, clmul, erms, rtm, 3dnowpref, lzcnt, ht, tsc, tscinvbit, bmi1, bmi2, adx, fma, clflush, clflushopt

Memory: 4k page, system-wide physical 16275M (8376M free)
TotalPageFile size 18707M (AvailPageFile size 9989M)
current process WorkingSet (physical memory assigned to process): 92M, peak: 94M
current process commit charge ("private bytes"): 370M, peak: 373M

vm_info: Java HotSpot(TM) 64-Bit Server VM (15.0.2+7-27) for windows-amd64 JRE (15.0.2+7-27), built on Dec  7 2020 20:07:01 by "mach5one" with unknown MS VC++:1925

END.
