[2021-05-31 08:02:22] [info]  [ 3504] Apache Commons Daemon procrun (1.2.4.0 64-bit) started.
[2021-05-31 08:02:22] [info]  [ 3504] Installing service 'Tomcat9' name 'Apache Tomcat 9.0 Tomcat9'.
[2021-05-31 08:02:22] [info]  [ 3504] Service 'Tomcat9' installed.
[2021-05-31 08:02:22] [info]  [ 3504] Apache Commons Daemon procrun finished.
[2021-05-31 08:02:22] [info]  [ 8456] Apache Commons Daemon procrun (1.2.4.0 64-bit) started.
[2021-05-31 08:02:22] [info]  [ 8456] Updating service...
[2021-05-31 08:02:22] [info]  [ 8456] Updated service 'Tomcat9'.
[2021-05-31 08:02:22] [info]  [ 8456] Finished updating service 'Tomcat9'.
[2021-05-31 08:02:22] [info]  [ 8456] Apache Commons Daemon procrun finished.
[2021-05-31 08:02:23] [info]  [ 8260] Apache Commons Daemon procrun (1.2.4.0 64-bit) started.
[2021-05-31 08:02:23] [info]  [ 8260] Updating service...
[2021-05-31 08:02:23] [info]  [ 8260] Updated service 'Tomcat9'.
[2021-05-31 08:02:23] [info]  [ 8260] Finished updating service 'Tomcat9'.
[2021-05-31 08:02:23] [info]  [ 8260] Apache Commons Daemon procrun finished.
[2021-05-31 08:02:24] [info]  [11836] Apache Commons Daemon procrun (1.2.4.0 64-bit) started.
[2021-05-31 08:02:24] [info]  [11836] Updating service...
[2021-05-31 08:02:24] [info]  [11836] Updated service 'Tomcat9'.
[2021-05-31 08:02:24] [info]  [11836] Finished updating service 'Tomcat9'.
[2021-05-31 08:02:24] [info]  [11836] Apache Commons Daemon procrun finished.
[2021-05-31 08:02:24] [info]  [ 3560] Apache Commons Daemon procrun (1.2.4.0 64-bit) started.
[2021-05-31 08:02:24] [info]  [ 3560] Updating service...
[2021-05-31 08:02:24] [info]  [ 3560] Updated service 'Tomcat9'.
[2021-05-31 08:02:24] [info]  [ 3560] Finished updating service 'Tomcat9'.
[2021-05-31 08:02:24] [info]  [ 3560] Apache Commons Daemon procrun finished.
[2021-05-31 08:02:24] [info]  [ 4188] Apache Commons Daemon procrun (1.2.4.0 64-bit) started.
[2021-05-31 08:02:24] [info]  [ 4188] Updating service...
[2021-05-31 08:02:24] [info]  [ 4188] Updated service 'Tomcat9'.
[2021-05-31 08:02:24] [info]  [ 4188] Finished updating service 'Tomcat9'.
[2021-05-31 08:02:24] [info]  [ 4188] Apache Commons Daemon procrun finished.
[2021-05-31 08:12:25] [info]  [12920] Apache Commons Daemon procrun (1.2.4.0 64-bit) started.
[2021-05-31 08:12:25] [info]  [12920] Running Service 'Tomcat9'...
[2021-05-31 08:12:25] [info]  [ 6452] Starting service...
[2021-05-31 08:12:26] [info]  [ 6452] Service started in 1459 milliseconds.
[2021-05-31 08:22:37] [info]  [10768] Stopping service...
[2021-05-31 08:22:38] [info]  [10768] Service stop thread completed.
[2021-05-31 08:22:38] [info]  [12920] Run service finished.
[2021-05-31 08:22:38] [info]  [12920] Apache Commons Daemon procrun finished.
