31-May-2021 08:12:28.562 INFO [main] org.apache.catalina.core.ApplicationContext.log ContextListener: contextInitialized()
31-May-2021 08:12:28.562 INFO [main] org.apache.catalina.core.ApplicationContext.log SessionListener: contextInitialized()
31-May-2021 08:12:28.563 INFO [main] org.apache.catalina.core.ApplicationContext.log ContextListener: attributeAdded('StockTicker', 'async.Stockticker@672872e1')
31-May-2021 08:22:37.362 INFO [Thread-5] org.apache.catalina.core.ApplicationContext.log SessionListener: contextDestroyed()
31-May-2021 08:22:37.362 INFO [Thread-5] org.apache.catalina.core.ApplicationContext.log ContextListener: contextDestroyed()
31-May-2021 09:29:55.575 INFO [main] org.apache.catalina.core.ApplicationContext.log ContextListener: contextInitialized()
31-May-2021 09:29:55.575 INFO [main] org.apache.catalina.core.ApplicationContext.log SessionListener: contextInitialized()
31-May-2021 09:29:55.577 INFO [main] org.apache.catalina.core.ApplicationContext.log ContextListener: attributeAdded('StockTicker', 'async.Stockticker@4275c20c')
31-May-2021 11:05:25.124 SEVERE [http-nio-8080-exec-20] org.apache.catalina.core.StandardWrapperValve.invoke Servlet.service() for servlet [jsp] in context with path [/myweb] threw exception [An exception occurred processing [/sample.jsp] at line [4]

1: <%
2:  String us=request.getParameter("user");
3:  String psw=request.getParameter("password");
4:  if(us.equals(psw)){
5:  out.println("Welcome "+us);
6:  }
7:  else{


Stacktrace:] with root cause
	java.lang.NullPointerException: Cannot invoke "String.equals(Object)" because "us" is null
		at org.apache.jsp.sample_jsp._jspService(sample_jsp.java:119)
		at org.apache.jasper.runtime.HttpJspBase.service(HttpJspBase.java:71)
		at javax.servlet.http.HttpServlet.service(HttpServlet.java:733)
		at org.apache.jasper.servlet.JspServletWrapper.service(JspServletWrapper.java:467)
		at org.apache.jasper.servlet.JspServlet.serviceJspFile(JspServlet.java:378)
		at org.apache.jasper.servlet.JspServlet.service(JspServlet.java:326)
		at javax.servlet.http.HttpServlet.service(HttpServlet.java:733)
		at org.apache.catalina.core.ApplicationFilterChain.internalDoFilter(ApplicationFilterChain.java:227)
		at org.apache.catalina.core.ApplicationFilterChain.doFilter(ApplicationFilterChain.java:162)
		at org.apache.tomcat.websocket.server.WsFilter.doFilter(WsFilter.java:53)
		at org.apache.catalina.core.ApplicationFilterChain.internalDoFilter(ApplicationFilterChain.java:189)
		at org.apache.catalina.core.ApplicationFilterChain.doFilter(ApplicationFilterChain.java:162)
		at org.apache.catalina.core.StandardWrapperValve.invoke(StandardWrapperValve.java:202)
		at org.apache.catalina.core.StandardContextValve.invoke(StandardContextValve.java:97)
		at org.apache.catalina.authenticator.AuthenticatorBase.invoke(AuthenticatorBase.java:542)
		at org.apache.catalina.core.StandardHostValve.invoke(StandardHostValve.java:143)
		at org.apache.catalina.valves.ErrorReportValve.invoke(ErrorReportValve.java:92)
		at org.apache.catalina.valves.AbstractAccessLogValve.invoke(AbstractAccessLogValve.java:687)
		at org.apache.catalina.core.StandardEngineValve.invoke(StandardEngineValve.java:78)
		at org.apache.catalina.connector.CoyoteAdapter.service(CoyoteAdapter.java:357)
		at org.apache.coyote.http11.Http11Processor.service(Http11Processor.java:374)
		at org.apache.coyote.AbstractProcessorLight.process(AbstractProcessorLight.java:65)
		at org.apache.coyote.AbstractProtocol$ConnectionHandler.process(AbstractProtocol.java:893)
		at org.apache.tomcat.util.net.NioEndpoint$SocketProcessor.doRun(NioEndpoint.java:1707)
		at org.apache.tomcat.util.net.SocketProcessorBase.run(SocketProcessorBase.java:49)
		at java.base/java.util.concurrent.ThreadPoolExecutor.runWorker(ThreadPoolExecutor.java:1130)
		at java.base/java.util.concurrent.ThreadPoolExecutor$Worker.run(ThreadPoolExecutor.java:630)
		at org.apache.tomcat.util.threads.TaskThread$WrappingRunnable.run(TaskThread.java:61)
		at java.base/java.lang.Thread.run(Thread.java:832)
