#
# A fatal error has been detected by the Java Runtime Environment:
#
#  EXCEPTION_ACCESS_VIOLATION (0xc0000005) at pc=0x00000000618c9b68, pid=5284, tid=0x0000000000002d0c
#
# JRE version: Java(TM) SE Runtime Environment (8.0_281-b09) (build 1.8.0_281-b09)
# Java VM: Java HotSpot(TM) 64-Bit Server VM (25.281-b09 mixed mode windows-amd64 compressed oops)
# Problematic frame:
# V  [jvm.dll+0x149b68]
#
# Failed to write core dump. Minidumps are not enabled by default on client versions of Windows
#
# If you would like to submit a bug report, please visit:
#   http://bugreport.java.com/bugreport/crash.jsp
#

---------------  T H R E A D  ---------------

Current thread (0x000001e603381800):  JavaThread "main" [_thread_in_vm, id=11532, stack(0x00000061d8c00000,0x00000061d8d00000)]

siginfo: ExceptionCode=0xc0000005, reading address 0x000000030cdb3f68

Registers:
RAX=0x0000000061d66828, RBX=0x000001e603381800, RCX=0x0000000000000003, RDX=0x000000030cdb3f00
RSP=0x00000061d8cfea00, RBP=0x000001e6033819f8, RSI=0x000001e603381800, RDI=0x000001e61e4b4700
R8 =0x0000000061ee5d40, R9 =0x000000076d3043be, R10=0x000000000000002f, R11=0x000000000000002f
R12=0x0000000000000000, R13=0x00000061d8cfedc0, R14=0x000001e603381800, R15=0x0000000000000000
RIP=0x00000000618c9b68, EFLAGS=0x0000000000010206

Top of Stack: (sp=0x00000061d8cfea00)
0x00000061d8cfea00:   0000000000000000 0000005000000000
0x00000061d8cfea10:   000001e603381800 0000000000000000
0x00000061d8cfea20:   000001e603381800 0000000000000000
0x00000061d8cfea30:   0000000000000000 00000061d8cfedb8
0x00000061d8cfea40:   00000061d8cfedb8 00007ffc6e3a714f
0x00000061d8cfea50:   000001e6033819f8 00000061d8cfed50
0x00000061d8cfea60:   000001e603381800 000001e61e4b47a0
0x00000061d8cfea70:   0000000000000000 0000000000000000
0x00000061d8cfea80:   0000000000000000 0000000000000000
0x00000061d8cfea90:   0000000000000000 0000000000000000
0x00000061d8cfeaa0:   0000000000000000 00000061d8020000
0x00000061d8cfeab0:   0000000000000000 0000000000000000
0x00000061d8cfeac0:   0000000000000000 0000000000000000
0x00000061d8cfead0:   0000000000000000 00000061d8cfed88
0x00000061d8cfeae0:   00000061d8cfeda0 0000000000000000
0x00000061d8cfeaf0:   0000000000000000 0000000000000000 

Instructions: (pc=0x00000000618c9b68)
0x00000000618c9b48:   93 e3 68 00 00 74 15 8b 50 08 8b 0d 90 c1 61 00
0x00000000618c9b58:   48 d3 e2 48 03 15 7e c1 61 00 eb 04 48 8b 50 08
0x00000000618c9b68:   48 8b 52 68 48 8b cd e8 ac 2d 0c 00 48 83 7c 24
0x00000000618c9b78:   28 00 48 8b e8 74 0a 48 8d 4c 24 20 e8 c7 95 12 


Register to memory mapping:

RAX=0x0000000061d66828 is an unknown value
RBX=0x000001e603381800 is a thread
RCX=0x0000000000000003 is an unknown value
RDX=0x000000030cdb3f00 is an unknown value
RSP=0x00000061d8cfea00 is pointing into the stack for thread: 0x000001e603381800
RBP=0x000001e6033819f8 is an unknown value
RSI=0x000001e603381800 is a thread
RDI=0x000001e61e4b4700 is an unknown value
R8 =0x0000000061ee5d40 is an unknown value
R9 =0x000000076d3043be is an unknown value
R10=0x000000000000002f is an unknown value
R11=0x000000000000002f is an unknown value
R12=0x0000000000000000 is an unknown value
R13=0x00000061d8cfedc0 is pointing into the stack for thread: 0x000001e603381800
R14=0x000001e603381800 is a thread
R15=0x0000000000000000 is an unknown value


Stack: [0x00000061d8c00000,0x00000061d8d00000],  sp=0x00000061d8cfea00,  free space=1018k
Native frames: (J=compiled Java code, j=interpreted, Vv=VM code, C=native code)
V  [jvm.dll+0x149b68]
C  [sqljdbc_auth.dll+0x714f]
C  0x000001e604c29f4e

Java frames: (J=compiled Java code, j=interpreted, Vv=VM code)
j  com.microsoft.sqlserver.jdbc.AuthenticationJNI.SNISecGenClientContext([B[I[BI[B[I[ZLjava/lang/String;Ljava/lang/String;Ljava/lang/String;Ljava/util/logging/Logger;)I+0
j  com.microsoft.sqlserver.jdbc.AuthenticationJNI.GenerateClientContext([BI[B[I[Z)I+24
j  com.microsoft.sqlserver.jdbc.SQLServerConnection.SSPIData([B[B[I[ZLcom/microsoft/sqlserver/jdbc/AuthenticationJNI;)V+13
j  com.microsoft.sqlserver.jdbc.SQLServerConnection.sendLogon(Lcom/microsoft/sqlserver/jdbc/SQLServerConnection$LogonCommand;Lcom/microsoft/sqlserver/jdbc/AuthenticationJNI;)V+151
j  com.microsoft.sqlserver.jdbc.SQLServerConnection.logon(Lcom/microsoft/sqlserver/jdbc/SQLServerConnection$LogonCommand;)V+20
j  com.microsoft.sqlserver.jdbc.SQLServerConnection.access$000(Lcom/microsoft/sqlserver/jdbc/SQLServerConnection;Lcom/microsoft/sqlserver/jdbc/SQLServerConnection$LogonCommand;)V+2
j  com.microsoft.sqlserver.jdbc.SQLServerConnection$LogonCommand.doExecute()Z+5
j  com.microsoft.sqlserver.jdbc.TDSCommand.execute(Lcom/microsoft/sqlserver/jdbc/TDSWriter;Lcom/microsoft/sqlserver/jdbc/TDSReader;)Z+30
j  com.microsoft.sqlserver.jdbc.SQLServerConnection.executeCommand(Lcom/microsoft/sqlserver/jdbc/TDSCommand;)Z+45
j  com.microsoft.sqlserver.jdbc.SQLServerConnection.connectHelper(Lcom/microsoft/sqlserver/jdbc/ServerPortPlaceHolder;II)V+284
j  com.microsoft.sqlserver.jdbc.SQLServerConnection.login(Ljava/lang/String;Ljava/lang/String;ILjava/lang/String;Lcom/microsoft/sqlserver/jdbc/FailoverInfo;IJ)V+399
j  com.microsoft.sqlserver.jdbc.SQLServerConnection.connect(Ljava/util/Properties;Lcom/microsoft/sqlserver/jdbc/SQLServerPooledConnection;)Ljava/sql/Connection;+1736
j  com.microsoft.sqlserver.jdbc.SQLServerDriver.connect(Ljava/lang/String;Ljava/util/Properties;)Ljava/sql/Connection;+45
j  java.sql.DriverManager.getConnection(Ljava/lang/String;Ljava/util/Properties;Ljava/lang/Class;)Ljava/sql/Connection;+171
j  java.sql.DriverManager.getConnection(Ljava/lang/String;)Ljava/sql/Connection;+13
j  Database.DBConnection.<init>()V+21
j  Process.MainClass.<clinit>()V+14
v  ~StubRoutines::call_stub

---------------  P R O C E S S  ---------------

Java Threads: ( => current thread )
  0x000001e61f4aa800 JavaThread "AWT-EventQueue-0" [_thread_blocked, id=11472, stack(0x00000061d9f00000,0x00000061da000000)]
  0x000001e61ff53000 JavaThread "Image Fetcher 3" daemon [_thread_blocked, id=7284, stack(0x00000061d9e00000,0x00000061d9f00000)]
  0x000001e61f406000 JavaThread "AWT-Windows" daemon [_thread_in_native, id=12360, stack(0x00000061d9d00000,0x00000061d9e00000)]
  0x000001e61f401800 JavaThread "AWT-Shutdown" [_thread_blocked, id=11468, stack(0x00000061d9c00000,0x00000061d9d00000)]
  0x000001e61f39b800 JavaThread "Java2D Disposer" daemon [_thread_blocked, id=2188, stack(0x00000061d9b00000,0x00000061d9c00000)]
  0x000001e61e574800 JavaThread "Service Thread" daemon [_thread_blocked, id=7884, stack(0x00000061d9900000,0x00000061d9a00000)]
  0x000001e61e500800 JavaThread "C1 CompilerThread2" daemon [_thread_blocked, id=4136, stack(0x00000061d9800000,0x00000061d9900000)]
  0x000001e61e4f9000 JavaThread "C2 CompilerThread1" daemon [_thread_blocked, id=11352, stack(0x00000061d9700000,0x00000061d9800000)]
  0x000001e61e4f4800 JavaThread "C2 CompilerThread0" daemon [_thread_blocked, id=8832, stack(0x00000061d9600000,0x00000061d9700000)]
  0x000001e61e4f3000 JavaThread "Attach Listener" daemon [_thread_blocked, id=7948, stack(0x00000061d9500000,0x00000061d9600000)]
  0x000001e61e4f1800 JavaThread "Signal Dispatcher" daemon [_thread_blocked, id=9764, stack(0x00000061d9400000,0x00000061d9500000)]
  0x000001e61dd96800 JavaThread "Finalizer" daemon [_thread_blocked, id=4012, stack(0x00000061d9300000,0x00000061d9400000)]
  0x000001e61e4d6000 JavaThread "Reference Handler" daemon [_thread_blocked, id=10632, stack(0x00000061d9200000,0x00000061d9300000)]
=>0x000001e603381800 JavaThread "main" [_thread_in_vm, id=11532, stack(0x00000061d8c00000,0x00000061d8d00000)]

Other Threads:
  0x000001e61e4b2000 VMThread [stack: 0x00000061d9100000,0x00000061d9200000] [id=4996]
  0x000001e61e5b0000 WatcherThread [stack: 0x00000061d9a00000,0x00000061d9b00000] [id=4712]

VM state:not at safepoint (normal execution)

VM Mutex/Monitor currently owned by a thread: None

heap address: 0x00000006c1a00000, size: 4070 MB, Compressed Oops mode: Zero based, Oop shift amount: 3
Narrow klass base: 0x0000000000000000, Narrow klass shift: 3
Compressed class space size: 1073741824 Address: 0x00000007c0000000

Heap:
 PSYoungGen      total 76288K, used 34091K [0x000000076b380000, 0x0000000770880000, 0x00000007c0000000)
  eden space 65536K, 52% used [0x000000076b380000,0x000000076d4cafe8,0x000000076f380000)
  from space 10752K, 0% used [0x000000076fe00000,0x000000076fe00000,0x0000000770880000)
  to   space 10752K, 0% used [0x000000076f380000,0x000000076f380000,0x000000076fe00000)
 ParOldGen       total 175104K, used 0K [0x00000006c1a00000, 0x00000006cc500000, 0x000000076b380000)
  object space 175104K, 0% used [0x00000006c1a00000,0x00000006c1a00000,0x00000006cc500000)
 Metaspace       used 17235K, capacity 17550K, committed 17920K, reserved 1064960K
  class space    used 2099K, capacity 2191K, committed 2304K, reserved 1048576K

Card table byte_map: [0x000001e613fd0000,0x000001e6147d0000] byte_map_base: 0x000001e6109c3000

Marking Bits: (ParMarkBitMap*) 0x0000000061f66ff0
 Begin Bits: [0x000001e614d20000, 0x000001e618cb8000)
 End Bits:   [0x000001e618cb8000, 0x000001e61cc50000)

Polling page: 0x000001e603340000

CodeCache: size=245760Kb used=4893Kb max_used=4909Kb free=240866Kb
 bounds [0x000001e604c10000, 0x000001e6050f0000, 0x000001e613c10000]
 total_blobs=2059 nmethods=1515 adapters=456
 compilation: enabled

Compilation events (10 events):
Event: 2.808 Thread 0x000001e61e500800 nmethod 1511 0x000001e6050d76d0 code [0x000001e6050d7860, 0x000001e6050d7c80]
Event: 2.813 Thread 0x000001e61e4f4800 1512       4       sun.security.provider.SHA5::lf_sigma1 (21 bytes)
Event: 2.814 Thread 0x000001e61e500800 1513       3       sun.security.jca.GetInstance::getInstance (29 bytes)
Event: 2.814 Thread 0x000001e61e4f4800 nmethod 1512 0x000001e6050b7990 code [0x000001e6050b7ac0, 0x000001e6050b7b18]
Event: 2.814 Thread 0x000001e61e4f4800 1514       4       java.lang.Long::reverseBytes (46 bytes)
Event: 2.814 Thread 0x000001e61e500800 nmethod 1513 0x000001e6050da150 code [0x000001e6050da2e0, 0x000001e6050da820]
Event: 2.815 Thread 0x000001e61e4f4800 nmethod 1514 0x000001e6050c58d0 code [0x000001e6050c5a00, 0x000001e6050c5a98]
Event: 2.815 Thread 0x000001e61e500800 1515       1       java.util.logging.Level::intValue (5 bytes)
Event: 2.815 Thread 0x000001e61e500800 nmethod 1515 0x000001e6050dbed0 code [0x000001e6050dc020, 0x000001e6050dc138]
Event: 2.820 Thread 0x000001e61e4f9000 nmethod 1471 0x000001e6050dedd0 code [0x000001e6050def20, 0x000001e6050e0468]

GC Heap History (0 events):
No events

Deoptimization events (10 events):
Event: 1.079 Thread 0x000001e603381800 Uncommon trap: reason=unstable_if action=reinterpret pc=0x000001e604eb455c method=java.lang.CharacterDataLatin1.digit(II)I @ 82
Event: 1.169 Thread 0x000001e603381800 Uncommon trap: reason=class_check action=maybe_recompile pc=0x000001e604f3c92c method=java.util.regex.Pattern$BmpCharProperty.match(Ljava/util/regex/Matcher;ILjava/lang/CharSequence;)Z @ 31
Event: 1.169 Thread 0x000001e603381800 Uncommon trap: reason=unstable_if action=reinterpret pc=0x000001e604f3c8c8 method=java.util.regex.Pattern$BmpCharProperty.match(Ljava/util/regex/Matcher;ILjava/lang/CharSequence;)Z @ 5
Event: 2.581 Thread 0x000001e603381800 Uncommon trap: reason=unstable_if action=reinterpret pc=0x000001e605020bfc method=java.util.Arrays.equals([B[B)Z @ 23
Event: 2.603 Thread 0x000001e603381800 Uncommon trap: reason=unstable_if action=reinterpret pc=0x000001e604f0d98c method=java.util.HashMap.putVal(ILjava/lang/Object;Ljava/lang/Object;ZZ)Ljava/lang/Object; @ 162
Event: 2.611 Thread 0x000001e603381800 Uncommon trap: reason=predicate action=maybe_recompile pc=0x000001e605075cf0 method=java.util.regex.Pattern$SliceI.match(Ljava/util/regex/Matcher;ILjava/lang/CharSequence;)Z @ 21
Event: 2.741 Thread 0x000001e603381800 Uncommon trap: reason=class_check action=maybe_recompile pc=0x000001e6050a81f4 method=sun.security.util.math.intpoly.IntegerPolynomial$MutableElement.setValue(Lsun/security/util/math/IntegerModuloP;)Lsun/security/util/math/intpoly/IntegerPolynomial$Mutabl
Event: 2.741 Thread 0x000001e603381800 Uncommon trap: reason=class_check action=maybe_recompile pc=0x000001e6050a81f4 method=sun.security.util.math.intpoly.IntegerPolynomial$MutableElement.setValue(Lsun/security/util/math/IntegerModuloP;)Lsun/security/util/math/intpoly/IntegerPolynomial$Mutabl
Event: 2.741 Thread 0x000001e603381800 Uncommon trap: reason=class_check action=maybe_recompile pc=0x000001e6050a81f4 method=sun.security.util.math.intpoly.IntegerPolynomial$MutableElement.setValue(Lsun/security/util/math/IntegerModuloP;)Lsun/security/util/math/intpoly/IntegerPolynomial$Mutabl
Event: 2.741 Thread 0x000001e603381800 Uncommon trap: reason=class_check action=maybe_recompile pc=0x000001e6050a81f4 method=sun.security.util.math.intpoly.IntegerPolynomial$MutableElement.setValue(Lsun/security/util/math/IntegerModuloP;)Lsun/security/util/math/intpoly/IntegerPolynomial$Mutabl

Classes redefined (0 events):
No events

Internal exceptions (10 events):
Event: 0.062 Thread 0x000001e603381800 Exception <a 'java/lang/NoSuchMethodError': Method sun.misc.Unsafe.defineClass(Ljava/lang/String;[BII)Ljava/lang/Class; name or signature does not match> (0x000000076b387cc0) thrown at [C:\jenkins\workspace\8-2-build-windows-amd64-cygwin\jdk8u281\880\hots
Event: 0.062 Thread 0x000001e603381800 Exception <a 'java/lang/NoSuchMethodError': Method sun.misc.Unsafe.prefetchRead(Ljava/lang/Object;J)V name or signature does not match> (0x000000076b387fa8) thrown at [C:\jenkins\workspace\8-2-build-windows-amd64-cygwin\jdk8u281\880\hotspot\src\share\vm\p
Event: 0.204 Thread 0x000001e603381800 Exception <a 'java/security/PrivilegedActionException'> (0x000000076b4270e8) thrown at [C:\jenkins\workspace\8-2-build-windows-amd64-cygwin\jdk8u281\880\hotspot\src\share\vm\prims\jvm.cpp, line 1512]
Event: 0.204 Thread 0x000001e603381800 Exception <a 'java/security/PrivilegedActionException'> (0x000000076b4272f8) thrown at [C:\jenkins\workspace\8-2-build-windows-amd64-cygwin\jdk8u281\880\hotspot\src\share\vm\prims\jvm.cpp, line 1512]
Event: 0.205 Thread 0x000001e603381800 Exception <a 'java/security/PrivilegedActionException'> (0x000000076b42b208) thrown at [C:\jenkins\workspace\8-2-build-windows-amd64-cygwin\jdk8u281\880\hotspot\src\share\vm\prims\jvm.cpp, line 1512]
Event: 0.205 Thread 0x000001e603381800 Exception <a 'java/security/PrivilegedActionException'> (0x000000076b42b418) thrown at [C:\jenkins\workspace\8-2-build-windows-amd64-cygwin\jdk8u281\880\hotspot\src\share\vm\prims\jvm.cpp, line 1512]
Event: 0.213 Thread 0x000001e603381800 Exception <a 'java/io/FileNotFoundException'> (0x000000076b42d508) thrown at [C:\jenkins\workspace\8-2-build-windows-amd64-cygwin\jdk8u281\880\hotspot\src\share\vm\prims\jni.cpp, line 710]
Event: 0.268 Thread 0x000001e603381800 Exception <a 'java/lang/NoSuchFieldError': method resolution failed> (0x000000076b6458a8) thrown at [C:\jenkins\workspace\8-2-build-windows-amd64-cygwin\jdk8u281\880\hotspot\src\share\vm\prims\methodHandles.cpp, line 1169]
Event: 0.271 Thread 0x000001e603381800 Exception <a 'java/lang/NoSuchFieldError': method resolution failed> (0x000000076b652bf8) thrown at [C:\jenkins\workspace\8-2-build-windows-amd64-cygwin\jdk8u281\880\hotspot\src\share\vm\prims\methodHandles.cpp, line 1169]
Event: 0.348 Thread 0x000001e603381800 Exception <a 'java/io/FileNotFoundException'> (0x000000076b6ed508) thrown at [C:\jenkins\workspace\8-2-build-windows-amd64-cygwin\jdk8u281\880\hotspot\src\share\vm\prims\jni.cpp, line 710]

Events (10 events):
Event: 2.807 loading class com/sun/crypto/provider/GHASH
Event: 2.807 loading class com/sun/crypto/provider/GHASH done
Event: 2.811 loading class sun/security/ssl/SSLCipher$T12GcmReadCipherGenerator$GcmReadCipher
Event: 2.811 loading class sun/security/ssl/SSLCipher$T12GcmReadCipherGenerator$GcmReadCipher done
Event: 2.814 loading class javax/net/ssl/SSLEngineResult$HandshakeStatus
Event: 2.814 loading class javax/net/ssl/SSLEngineResult$HandshakeStatus done
Event: 2.815 loading class com/microsoft/sqlserver/jdbc/AuthenticationJNI
Event: 2.816 loading class com/microsoft/sqlserver/jdbc/AuthenticationJNI done
Event: 2.817 loading class java/lang/ClassLoaderHelper
Event: 2.817 loading class java/lang/ClassLoaderHelper done


Dynamic libraries:
0x00007ff795700000 - 0x00007ff795747000 	C:\Program Files\Java\jdk1.8.0_281\bin\java.exe
0x00007ffca1690000 - 0x00007ffca1885000 	C:\Windows\SYSTEM32\ntdll.dll
0x00007ffca0170000 - 0x00007ffca022d000 	C:\Windows\System32\KERNEL32.DLL
0x00007ffc9ef30000 - 0x00007ffc9f1f8000 	C:\Windows\System32\KERNELBASE.dll
0x00007ffca0e90000 - 0x00007ffca0f3c000 	C:\Windows\System32\ADVAPI32.dll
0x00007ffca0f40000 - 0x00007ffca0fde000 	C:\Windows\System32\msvcrt.dll
0x00007ffca1530000 - 0x00007ffca15cb000 	C:\Windows\System32\sechost.dll
0x00007ffca0000000 - 0x00007ffca012b000 	C:\Windows\System32\RPCRT4.dll
0x00007ffca0510000 - 0x00007ffca06b0000 	C:\Windows\System32\USER32.dll
0x00007ffc9f200000 - 0x00007ffc9f222000 	C:\Windows\System32\win32u.dll
0x00007ffca0230000 - 0x00007ffca025a000 	C:\Windows\System32\GDI32.dll
0x00007ffc9f230000 - 0x00007ffc9f33b000 	C:\Windows\System32\gdi32full.dll
0x00007ffc9f420000 - 0x00007ffc9f4bd000 	C:\Windows\System32\msvcp_win.dll
0x00007ffc9f540000 - 0x00007ffc9f640000 	C:\Windows\System32\ucrtbase.dll
0x00007ffc8c570000 - 0x00007ffc8c80a000 	C:\Windows\WinSxS\amd64_microsoft.windows.common-controls_6595b64144ccf1df_6.0.19041.844_none_ca00b6081b84eb1d\COMCTL32.dll
0x00007ffca0130000 - 0x00007ffca0160000 	C:\Windows\System32\IMM32.DLL
0x00007ffc97260000 - 0x00007ffc97275000 	C:\Program Files\Java\jdk1.8.0_281\jre\bin\vcruntime140.dll
0x00007ffc57850000 - 0x00007ffc578eb000 	C:\Program Files\Java\jdk1.8.0_281\jre\bin\msvcp140.dll
0x0000000061780000 - 0x0000000061fdf000 	C:\Program Files\Java\jdk1.8.0_281\jre\bin\server\jvm.dll
0x00007ffca0160000 - 0x00007ffca0168000 	C:\Windows\System32\PSAPI.DLL
0x00007ffc87500000 - 0x00007ffc87509000 	C:\Windows\SYSTEM32\WSOCK32.dll
0x00007ffca15e0000 - 0x00007ffca164b000 	C:\Windows\System32\WS2_32.dll
0x00007ffc8c810000 - 0x00007ffc8c837000 	C:\Windows\SYSTEM32\WINMM.dll
0x00007ffc90c90000 - 0x00007ffc90c9a000 	C:\Windows\SYSTEM32\VERSION.dll
0x00007ffc9d6a0000 - 0x00007ffc9d6b2000 	C:\Windows\SYSTEM32\kernel.appcore.dll
0x00007ffc9bf70000 - 0x00007ffc9bf80000 	C:\Program Files\Java\jdk1.8.0_281\jre\bin\verify.dll
0x00007ffc96800000 - 0x00007ffc9682b000 	C:\Program Files\Java\jdk1.8.0_281\jre\bin\java.dll
0x00007ffc96b80000 - 0x00007ffc96b98000 	C:\Program Files\Java\jdk1.8.0_281\jre\bin\zip.dll
0x00007ffc9f8b0000 - 0x00007ffc9fff2000 	C:\Windows\System32\SHELL32.dll
0x00007ffc9cdb0000 - 0x00007ffc9d541000 	C:\Windows\SYSTEM32\windows.storage.dll
0x00007ffca11d0000 - 0x00007ffca1525000 	C:\Windows\System32\combase.dll
0x00007ffc9e840000 - 0x00007ffc9e86c000 	C:\Windows\SYSTEM32\Wldp.dll
0x00007ffca0460000 - 0x00007ffca050e000 	C:\Windows\System32\SHCORE.dll
0x00007ffca10b0000 - 0x00007ffca1105000 	C:\Windows\System32\shlwapi.dll
0x00007ffc9ed10000 - 0x00007ffc9ed2f000 	C:\Windows\SYSTEM32\profapi.dll
0x00007ffc4e9c0000 - 0x00007ffc4eb55000 	C:\Program Files\Java\jdk1.8.0_281\jre\bin\awt.dll
0x00007ffca0fe0000 - 0x00007ffca10ad000 	C:\Windows\System32\OLEAUT32.dll
0x00007ffc9c180000 - 0x00007ffc9c210000 	C:\Windows\SYSTEM32\apphelp.dll
0x00007ffc9c630000 - 0x00007ffc9c65f000 	C:\Windows\system32\DWMAPI.DLL
0x00007ffc9c370000 - 0x00007ffc9c40e000 	C:\Windows\system32\uxtheme.dll
0x00007ffc79ad0000 - 0x00007ffc79bf6000 	C:\Windows\system32\opengl32.dll
0x00007ffc8abb0000 - 0x00007ffc8abdc000 	C:\Windows\SYSTEM32\GLU32.dll
0x00007ffca0d70000 - 0x00007ffca0e85000 	C:\Windows\System32\MSCTF.dll
0x00007ffca0310000 - 0x00007ffca043a000 	C:\Windows\System32\ole32.dll
0x00007ffc9f4c0000 - 0x00007ffc9f540000 	C:\Windows\System32\bcryptPrimitives.dll
0x00007ffc962b0000 - 0x00007ffc962f9000 	C:\Program Files\Java\jdk1.8.0_281\jre\bin\fontmanager.dll
0x00007ffc963b0000 - 0x00007ffc963cc000 	C:\Program Files\Java\jdk1.8.0_281\jre\bin\net.dll
0x00007ffc9e5b0000 - 0x00007ffc9e61a000 	C:\Windows\system32\mswsock.dll
0x00007ffc91680000 - 0x00007ffc91693000 	C:\Program Files\Java\jdk1.8.0_281\jre\bin\nio.dll
0x00007ffc8ed70000 - 0x00007ffc8edb3000 	C:\Program Files\Java\jdk1.8.0_281\jre\bin\t2k.dll
0x00007ffca0260000 - 0x00007ffca0309000 	C:\Windows\System32\clbcatq.dll
0x00007ffc98e40000 - 0x00007ffc98ff4000 	C:\Windows\SYSTEM32\WindowsCodecs.dll
0x00007ffc9f340000 - 0x00007ffc9f367000 	C:\Windows\System32\bcrypt.dll
0x00007ffc88940000 - 0x00007ffc8897e000 	C:\Windows\system32\dataexchange.dll
0x00007ffc9a9c0000 - 0x00007ffc9ac24000 	C:\Windows\system32\d3d11.dll
0x00007ffc9b2a0000 - 0x00007ffc9b485000 	C:\Windows\system32\dcomp.dll
0x00007ffc9d710000 - 0x00007ffc9d803000 	C:\Windows\system32\dxgi.dll
0x00007ffc99230000 - 0x00007ffc99431000 	C:\Windows\system32\twinapi.appcore.dll
0x00007ffc9e290000 - 0x00007ffc9e35c000 	C:\Windows\SYSTEM32\DNSAPI.dll
0x00007ffc9e250000 - 0x00007ffc9e28b000 	C:\Windows\SYSTEM32\IPHLPAPI.DLL
0x00007ffca15d0000 - 0x00007ffca15d8000 	C:\Windows\System32\NSI.dll
0x00007ffc8fab0000 - 0x00007ffc8faba000 	C:\Windows\System32\rasadhlp.dll
0x00007ffc8f8d0000 - 0x00007ffc8f94f000 	C:\Windows\System32\fwpuclnt.dll
0x00007ffc91650000 - 0x00007ffc91674000 	C:\Program Files\Java\jdk1.8.0_281\jre\bin\sunec.dll
0x00007ffc90cd0000 - 0x00007ffc90ce7000 	C:\Windows\SYSTEM32\dhcpcsvc6.DLL
0x00007ffc90cb0000 - 0x00007ffc90ccd000 	C:\Windows\SYSTEM32\dhcpcsvc.DLL
0x00007ffc9e780000 - 0x00007ffc9e798000 	C:\Windows\SYSTEM32\CRYPTSP.dll
0x00007ffc9dee0000 - 0x00007ffc9df14000 	C:\Windows\system32\rsaenh.dll
0x00007ffc9ecd0000 - 0x00007ffc9ecfe000 	C:\Windows\SYSTEM32\USERENV.dll
0x00007ffc9e7a0000 - 0x00007ffc9e7ac000 	C:\Windows\SYSTEM32\CRYPTBASE.dll
0x00007ffc99e50000 - 0x00007ffc99e5d000 	C:\Program Files\Java\jdk1.8.0_281\jre\bin\sunmscapi.dll
0x00007ffc9edd0000 - 0x00007ffc9ef2f000 	C:\Windows\System32\CRYPT32.dll
0x00007ffc9e8b0000 - 0x00007ffc9e8d7000 	C:\Windows\SYSTEM32\ncrypt.dll
0x00007ffc9e870000 - 0x00007ffc9e8ab000 	C:\Windows\SYSTEM32\NTASN1.dll
0x00007ffc6e3a0000 - 0x00007ffc6e3ef000 	C:\Windows\System32\sqljdbc_auth.dll
0x00007ffc8b1a0000 - 0x00007ffc8b1ac000 	C:\Windows\system32\secur32.dll
0x00007ffc9ec90000 - 0x00007ffc9ecc1000 	C:\Windows\SYSTEM32\SSPICLI.DLL
0x00007ffc9e670000 - 0x00007ffc9e77b000 	C:\Windows\system32\kerberos.DLL
0x00007ffc9e9c0000 - 0x00007ffc9e9d2000 	C:\Windows\SYSTEM32\MSASN1.dll
0x00007ffc9e520000 - 0x00007ffc9e5ad000 	C:\Windows\system32\msv1_0.DLL
0x00007ffc9e500000 - 0x00007ffc9e513000 	C:\Windows\SYSTEM32\NtlmShared.dll
0x00007ffc9e620000 - 0x00007ffc9e635000 	C:\Windows\SYSTEM32\cryptdll.dll
0x00007ffc6b4e0000 - 0x00007ffc6b50a000 	C:\Windows\system32\ntdsapi.dll
0x00007ffc7ad40000 - 0x00007ffc7ad57000 	C:\Windows\system32\napinsp.dll
0x00007ffc7aaa0000 - 0x00007ffc7aabb000 	C:\Windows\system32\pnrpnsp.dll
0x00007ffc7aa80000 - 0x00007ffc7aa95000 	C:\Windows\system32\wshbth.dll
0x00007ffc99e30000 - 0x00007ffc99e4d000 	C:\Windows\system32\NLAapi.dll
0x00007ffc7aa60000 - 0x00007ffc7aa72000 	C:\Windows\System32\winrnr.dll
0x00007ffc9cbc0000 - 0x00007ffc9cda4000 	C:\Windows\SYSTEM32\dbghelp.dll

VM Arguments:
jvm_args: -Dfile.encoding=UTF-8 
java_command: Process.MainClass
java_class_path (initial): D:\JavaKy2Projects\quanLyHoaDon\lib\sqljdbc4-3.0.jar;D:\JavaKy2Projects\quanLyHoaDon\build\classes
Launcher Type: SUN_STANDARD

Environment Variables:
PATH=C:\Program Files (x86)\Common Files\Oracle\Java\javapath;C:\Program Files\Common Files\Oracle\Java\javapath;C:\Windows\system32;C:\Windows;C:\Windows\System32\Wbem;C:\Windows\System32\WindowsPowerShell\v1.0\;C:\Windows\System32\OpenSSH\;C:\Program Files\Git\cmd;C:\Program Files\Microsoft SQL Server\Client SDK\ODBC\170\Tools\Binn\;C:\Program Files\nodejs\;C:\Program Files (x86)\Microsoft SQL Server\150\Tools\Binn\;C:\Program Files\Microsoft SQL Server\150\Tools\Binn\;C:\Program Files\Microsoft SQL Server\150\DTS\Binn\;C:\Program Files (x86)\Microsoft SQL Server\Client SDK\ODBC\130\Tools\Binn\;C:\Program Files (x86)\Microsoft SQL Server\140\Tools\Binn\;C:\Program Files (x86)\Microsoft SQL Server\140\DTS\Binn\;C:\Program Files (x86)\Microsoft SQL Server\140\Tools\Binn\ManagementStudio\;C:\Program Files (x86)\Microsoft SQL Server\150\DTS\Binn\;C:\Program Files\Microsoft SQL Server\130\Tools\Binn\;C:\Program Files\dotnet\;C:\Users\MINH\AppData\Local\Microsoft\WindowsApps;;C:\Users\MINH\AppData\Local\Programs\Microsoft VS Code\bin;C:\Program Files\Azure Data Studio\bin;C:\Users\MINH\AppData\Roaming\npm;C:\Program Files\Azure Data Studio\bin;C:\Users\MINH\.dotnet\tools
USERNAME=MINH
OS=Windows_NT
PROCESSOR_IDENTIFIER=Intel64 Family 6 Model 78 Stepping 3, GenuineIntel



---------------  S Y S T E M  ---------------

OS: Windows 10.0 , 64 bit Build 19041 (10.0.19041.928)

CPU:total 4 (initial active 4) (2 cores per cpu, 2 threads per core) family 6 model 78 stepping 3, cmov, cx8, fxsr, mmx, sse, sse2, sse3, ssse3, sse4.1, sse4.2, popcnt, avx, avx2, aes, clmul, erms, rtm, 3dnowpref, lzcnt, ht, tsc, tscinvbit, bmi1, bmi2, adx

Memory: 4k page, physical 16666420k(9386032k free), swap 19156788k(10697912k free)

vm_info: Java HotSpot(TM) 64-Bit Server VM (25.281-b09) for windows-amd64 JRE (1.8.0_281-b09), built on Dec  9 2020 13:54:07 by "" with MS VC++ 15.9 (VS2017)

time: Thu Apr 22 13:16:27 2021
timezone: SE Asia Standard Time
elapsed time: 2.938624 seconds (0d 0h 0m 2s)

