#
# A fatal error has been detected by the Java Runtime Environment:
#
#  EXCEPTION_ACCESS_VIOLATION (0xc0000005) at pc=0x00000000618c9b68, pid=10864, tid=0x000000000000186c
#
# JRE version: Java(TM) SE Runtime Environment (8.0_281-b09) (build 1.8.0_281-b09)
# Java VM: Java HotSpot(TM) 64-Bit Server VM (25.281-b09 mixed mode windows-amd64 compressed oops)
# Problematic frame:
# V  [jvm.dll+0x149b68]
#
# Failed to write core dump. Minidumps are not enabled by default on client versions of Windows
#
# If you would like to submit a bug report, please visit:
#   http://bugreport.java.com/bugreport/crash.jsp
#

---------------  T H R E A D  ---------------

Current thread (0x000001a6729d2800):  JavaThread "main" [_thread_in_vm, id=6252, stack(0x00000004b7100000,0x00000004b7200000)]

siginfo: ExceptionCode=0xc0000005, reading address 0x000000030cdb3f68

Registers:
RAX=0x0000000061d66828, RBX=0x000001a6729d2800, RCX=0x0000000000000003, RDX=0x000000030cdb3f00
RSP=0x00000004b71fe870, RBP=0x000001a6729d29f8, RSI=0x000001a6729d2800, RDI=0x000001a67e3b9d00
R8 =0x0000000061ee5d40, R9 =0x000000076d305a56, R10=0x000000000000002f, R11=0x000000000000002f
R12=0x0000000000000000, R13=0x00000004b71fec30, R14=0x000001a6729d2800, R15=0x0000000000000000
RIP=0x00000000618c9b68, EFLAGS=0x0000000000010206

Top of Stack: (sp=0x00000004b71fe870)
0x00000004b71fe870:   0000000000000000 0000005000000000
0x00000004b71fe880:   000001a6729d2800 0000000000000000
0x00000004b71fe890:   000001a6729d2800 0000000000000000
0x00000004b71fe8a0:   0000000000000000 00000004b71fec28
0x00000004b71fe8b0:   00000004b71fec28 00007ffc6e3a714f
0x00000004b71fe8c0:   000001a6729d29f8 00000004b71febc0
0x00000004b71fe8d0:   000001a6729d2800 000001a67e3b9d10
0x00000004b71fe8e0:   0000000000000000 0000000000000000
0x00000004b71fe8f0:   0000000000000000 0000000000000000
0x00000004b71fe900:   0000000000000000 0000000000000000
0x00000004b71fe910:   0000000000000000 00000004b7020000
0x00000004b71fe920:   0000000000000000 0000000000000000
0x00000004b71fe930:   0000000000000000 0000000000000000
0x00000004b71fe940:   0000000000000000 00000004b71febf8
0x00000004b71fe950:   00000004b71fec10 0000000000000000
0x00000004b71fe960:   0000000000000000 0000000000000000 

Instructions: (pc=0x00000000618c9b68)
0x00000000618c9b48:   93 e3 68 00 00 74 15 8b 50 08 8b 0d 90 c1 61 00
0x00000000618c9b58:   48 d3 e2 48 03 15 7e c1 61 00 eb 04 48 8b 50 08
0x00000000618c9b68:   48 8b 52 68 48 8b cd e8 ac 2d 0c 00 48 83 7c 24
0x00000000618c9b78:   28 00 48 8b e8 74 0a 48 8d 4c 24 20 e8 c7 95 12 


Register to memory mapping:

RAX=0x0000000061d66828 is an unknown value
RBX=0x000001a6729d2800 is a thread
RCX=0x0000000000000003 is an unknown value
RDX=0x000000030cdb3f00 is an unknown value
RSP=0x00000004b71fe870 is pointing into the stack for thread: 0x000001a6729d2800
RBP=0x000001a6729d29f8 is an unknown value
RSI=0x000001a6729d2800 is a thread
RDI=0x000001a67e3b9d00 is an unknown value
R8 =0x0000000061ee5d40 is an unknown value
R9 =0x000000076d305a56 is an unknown value
R10=0x000000000000002f is an unknown value
R11=0x000000000000002f is an unknown value
R12=0x0000000000000000 is an unknown value
R13=0x00000004b71fec30 is pointing into the stack for thread: 0x000001a6729d2800
R14=0x000001a6729d2800 is a thread
R15=0x0000000000000000 is an unknown value


Stack: [0x00000004b7100000,0x00000004b7200000],  sp=0x00000004b71fe870,  free space=1018k
Native frames: (J=compiled Java code, j=interpreted, Vv=VM code, C=native code)
V  [jvm.dll+0x149b68]
C  [sqljdbc_auth.dll+0x714f]
C  0x000001a600019f4e

Java frames: (J=compiled Java code, j=interpreted, Vv=VM code)
j  com.microsoft.sqlserver.jdbc.AuthenticationJNI.SNISecGenClientContext([B[I[BI[B[I[ZLjava/lang/String;Ljava/lang/String;Ljava/lang/String;Ljava/util/logging/Logger;)I+0
j  com.microsoft.sqlserver.jdbc.AuthenticationJNI.GenerateClientContext([BI[B[I[Z)I+24
j  com.microsoft.sqlserver.jdbc.SQLServerConnection.SSPIData([B[B[I[ZLcom/microsoft/sqlserver/jdbc/AuthenticationJNI;)V+13
j  com.microsoft.sqlserver.jdbc.SQLServerConnection.sendLogon(Lcom/microsoft/sqlserver/jdbc/SQLServerConnection$LogonCommand;Lcom/microsoft/sqlserver/jdbc/AuthenticationJNI;)V+151
j  com.microsoft.sqlserver.jdbc.SQLServerConnection.logon(Lcom/microsoft/sqlserver/jdbc/SQLServerConnection$LogonCommand;)V+20
j  com.microsoft.sqlserver.jdbc.SQLServerConnection.access$000(Lcom/microsoft/sqlserver/jdbc/SQLServerConnection;Lcom/microsoft/sqlserver/jdbc/SQLServerConnection$LogonCommand;)V+2
j  com.microsoft.sqlserver.jdbc.SQLServerConnection$LogonCommand.doExecute()Z+5
j  com.microsoft.sqlserver.jdbc.TDSCommand.execute(Lcom/microsoft/sqlserver/jdbc/TDSWriter;Lcom/microsoft/sqlserver/jdbc/TDSReader;)Z+30
j  com.microsoft.sqlserver.jdbc.SQLServerConnection.executeCommand(Lcom/microsoft/sqlserver/jdbc/TDSCommand;)Z+45
j  com.microsoft.sqlserver.jdbc.SQLServerConnection.connectHelper(Lcom/microsoft/sqlserver/jdbc/ServerPortPlaceHolder;II)V+284
j  com.microsoft.sqlserver.jdbc.SQLServerConnection.login(Ljava/lang/String;Ljava/lang/String;ILjava/lang/String;Lcom/microsoft/sqlserver/jdbc/FailoverInfo;IJ)V+399
j  com.microsoft.sqlserver.jdbc.SQLServerConnection.connect(Ljava/util/Properties;Lcom/microsoft/sqlserver/jdbc/SQLServerPooledConnection;)Ljava/sql/Connection;+1736
j  com.microsoft.sqlserver.jdbc.SQLServerDriver.connect(Ljava/lang/String;Ljava/util/Properties;)Ljava/sql/Connection;+45
j  java.sql.DriverManager.getConnection(Ljava/lang/String;Ljava/util/Properties;Ljava/lang/Class;)Ljava/sql/Connection;+171
j  java.sql.DriverManager.getConnection(Ljava/lang/String;)Ljava/sql/Connection;+13
j  Database.DBConnection.<init>()V+21
j  Process.MainClass.<clinit>()V+14
v  ~StubRoutines::call_stub

---------------  P R O C E S S  ---------------

Java Threads: ( => current thread )
  0x000001a60f7fe000 JavaThread "AWT-EventQueue-0" [_thread_blocked, id=2780, stack(0x00000004b8400000,0x00000004b8500000)]
  0x000001a60f7f2800 JavaThread "Image Fetcher 3" daemon [_thread_blocked, id=7512, stack(0x00000004b8300000,0x00000004b8400000)]
  0x000001a67fa33800 JavaThread "AWT-Windows" daemon [_thread_in_native, id=13184, stack(0x00000004b8200000,0x00000004b8300000)]
  0x000001a67fa2f000 JavaThread "AWT-Shutdown" [_thread_blocked, id=5072, stack(0x00000004b8100000,0x00000004b8200000)]
  0x000001a67fa2a000 JavaThread "Java2D Disposer" daemon [_thread_blocked, id=8116, stack(0x00000004b8000000,0x00000004b8100000)]
  0x000001a67eb9e800 JavaThread "Service Thread" daemon [_thread_blocked, id=5236, stack(0x00000004b7e00000,0x00000004b7f00000)]
  0x000001a67eb31000 JavaThread "C1 CompilerThread2" daemon [_thread_blocked, id=5632, stack(0x00000004b7d00000,0x00000004b7e00000)]
  0x000001a67eb2a000 JavaThread "C2 CompilerThread1" daemon [_thread_blocked, id=10036, stack(0x00000004b7c00000,0x00000004b7d00000)]
  0x000001a67eb25800 JavaThread "C2 CompilerThread0" daemon [_thread_blocked, id=5724, stack(0x00000004b7b00000,0x00000004b7c00000)]
  0x000001a67eb24000 JavaThread "Attach Listener" daemon [_thread_blocked, id=12796, stack(0x00000004b7a00000,0x00000004b7b00000)]
  0x000001a67eb23000 JavaThread "Signal Dispatcher" daemon [_thread_blocked, id=9396, stack(0x00000004b7900000,0x00000004b7a00000)]
  0x000001a67e3c7000 JavaThread "Finalizer" daemon [_thread_blocked, id=11208, stack(0x00000004b7800000,0x00000004b7900000)]
  0x000001a67eb06000 JavaThread "Reference Handler" daemon [_thread_blocked, id=12416, stack(0x00000004b7700000,0x00000004b7800000)]
=>0x000001a6729d2800 JavaThread "main" [_thread_in_vm, id=6252, stack(0x00000004b7100000,0x00000004b7200000)]

Other Threads:
  0x000001a67eae1800 VMThread [stack: 0x00000004b7600000,0x00000004b7700000] [id=7044]
  0x000001a67ebe0000 WatcherThread [stack: 0x00000004b7f00000,0x00000004b8000000] [id=6624]

VM state:not at safepoint (normal execution)

VM Mutex/Monitor currently owned by a thread: None

heap address: 0x00000006c1a00000, size: 4070 MB, Compressed Oops mode: Zero based, Oop shift amount: 3
Narrow klass base: 0x0000000000000000, Narrow klass shift: 3
Compressed class space size: 1073741824 Address: 0x00000007c0000000

Heap:
 PSYoungGen      total 76288K, used 34090K [0x000000076b380000, 0x0000000770880000, 0x00000007c0000000)
  eden space 65536K, 52% used [0x000000076b380000,0x000000076d4caba8,0x000000076f380000)
  from space 10752K, 0% used [0x000000076fe00000,0x000000076fe00000,0x0000000770880000)
  to   space 10752K, 0% used [0x000000076f380000,0x000000076f380000,0x000000076fe00000)
 ParOldGen       total 175104K, used 0K [0x00000006c1a00000, 0x00000006cc500000, 0x000000076b380000)
  object space 175104K, 0% used [0x00000006c1a00000,0x00000006c1a00000,0x00000006cc500000)
 Metaspace       used 17221K, capacity 17550K, committed 17920K, reserved 1064960K
  class space    used 2099K, capacity 2191K, committed 2304K, reserved 1048576K

Card table byte_map: [0x000001a674600000,0x000001a674e00000] byte_map_base: 0x000001a670ff3000

Marking Bits: (ParMarkBitMap*) 0x0000000061f66ff0
 Begin Bits: [0x000001a675350000, 0x000001a6792e8000)
 End Bits:   [0x000001a6792e8000, 0x000001a67d280000)

Polling page: 0x000001a672930000

CodeCache: size=245760Kb used=4840Kb max_used=4850Kb free=240919Kb
 bounds [0x000001a600000000, 0x000001a6004d0000, 0x000001a60f000000]
 total_blobs=2054 nmethods=1510 adapters=456
 compilation: enabled

Compilation events (10 events):
Event: 2.138 Thread 0x000001a67eb31000 1506       3       sun.security.jca.GetInstance$Instance::<init> (15 bytes)
Event: 2.138 Thread 0x000001a67eb31000 nmethod 1506 0x000001a6004baf10 code [0x000001a6004bb060, 0x000001a6004bb258]
Event: 2.140 Thread 0x000001a67eb25800 1507       4       sun.security.provider.SHA5::lf_sigma1 (21 bytes)
Event: 2.140 Thread 0x000001a67eb31000 1508       3       sun.security.jca.GetInstance::getInstance (29 bytes)
Event: 2.140 Thread 0x000001a67eb2a000 1509       4       java.lang.Long::reverseBytes (46 bytes)
Event: 2.141 Thread 0x000001a67eb25800 nmethod 1507 0x000001a60047fa10 code [0x000001a60047fb40, 0x000001a60047fb98]
Event: 2.141 Thread 0x000001a67eb31000 nmethod 1508 0x000001a6004bf7d0 code [0x000001a6004bf960, 0x000001a6004bfea0]
Event: 2.141 Thread 0x000001a67eb2a000 nmethod 1509 0x000001a6004aef10 code [0x000001a6004af040, 0x000001a6004af0d8]
Event: 2.141 Thread 0x000001a67eb31000 1510       1       java.util.logging.Level::intValue (5 bytes)
Event: 2.141 Thread 0x000001a67eb31000 nmethod 1510 0x000001a6004bf510 code [0x000001a6004bf660, 0x000001a6004bf778]

GC Heap History (0 events):
No events

Deoptimization events (10 events):
Event: 1.518 Thread 0x000001a6729d2800 Uncommon trap: reason=class_check action=maybe_recompile pc=0x000001a60042a3c0 method=java.util.HashSet.iterator()Ljava/util/Iterator; @ 4
Event: 1.523 Thread 0x000001a6729d2800 Uncommon trap: reason=class_check action=maybe_recompile pc=0x000001a60042a3c0 method=java.util.HashSet.iterator()Ljava/util/Iterator; @ 4
Event: 1.527 Thread 0x000001a6729d2800 Uncommon trap: reason=class_check action=maybe_recompile pc=0x000001a60042a3c0 method=java.util.HashSet.iterator()Ljava/util/Iterator; @ 4
Event: 1.964 Thread 0x000001a6729d2800 Uncommon trap: reason=unstable_if action=reinterpret pc=0x000001a60040f8bc method=java.util.Arrays.equals([B[B)Z @ 23
Event: 1.984 Thread 0x000001a6729d2800 Uncommon trap: reason=unstable_if action=reinterpret pc=0x000001a6002ffc8c method=java.util.HashMap.putVal(ILjava/lang/Object;Ljava/lang/Object;ZZ)Ljava/lang/Object; @ 162
Event: 1.993 Thread 0x000001a6729d2800 Uncommon trap: reason=predicate action=maybe_recompile pc=0x000001a600450e30 method=java.util.regex.Pattern$SliceI.match(Ljava/util/regex/Matcher;ILjava/lang/CharSequence;)Z @ 21
Event: 2.085 Thread 0x000001a6729d2800 Uncommon trap: reason=class_check action=maybe_recompile pc=0x000001a6004816b4 method=sun.security.util.math.intpoly.IntegerPolynomial$MutableElement.setValue(Lsun/security/util/math/IntegerModuloP;)Lsun/security/util/math/intpoly/IntegerPolynomial$Mutabl
Event: 2.085 Thread 0x000001a6729d2800 Uncommon trap: reason=class_check action=maybe_recompile pc=0x000001a6004816b4 method=sun.security.util.math.intpoly.IntegerPolynomial$MutableElement.setValue(Lsun/security/util/math/IntegerModuloP;)Lsun/security/util/math/intpoly/IntegerPolynomial$Mutabl
Event: 2.085 Thread 0x000001a6729d2800 Uncommon trap: reason=class_check action=maybe_recompile pc=0x000001a6004816b4 method=sun.security.util.math.intpoly.IntegerPolynomial$MutableElement.setValue(Lsun/security/util/math/IntegerModuloP;)Lsun/security/util/math/intpoly/IntegerPolynomial$Mutabl
Event: 2.085 Thread 0x000001a6729d2800 Uncommon trap: reason=class_check action=maybe_recompile pc=0x000001a6004816b4 method=sun.security.util.math.intpoly.IntegerPolynomial$MutableElement.setValue(Lsun/security/util/math/IntegerModuloP;)Lsun/security/util/math/intpoly/IntegerPolynomial$Mutabl

Classes redefined (0 events):
No events

Internal exceptions (10 events):
Event: 0.041 Thread 0x000001a6729d2800 Exception <a 'java/lang/NoSuchMethodError': Method sun.misc.Unsafe.defineClass(Ljava/lang/String;[BII)Ljava/lang/Class; name or signature does not match> (0x000000076b387cc0) thrown at [C:\jenkins\workspace\8-2-build-windows-amd64-cygwin\jdk8u281\880\hots
Event: 0.041 Thread 0x000001a6729d2800 Exception <a 'java/lang/NoSuchMethodError': Method sun.misc.Unsafe.prefetchRead(Ljava/lang/Object;J)V name or signature does not match> (0x000000076b387fa8) thrown at [C:\jenkins\workspace\8-2-build-windows-amd64-cygwin\jdk8u281\880\hotspot\src\share\vm\p
Event: 0.145 Thread 0x000001a6729d2800 Exception <a 'java/security/PrivilegedActionException'> (0x000000076b4270e8) thrown at [C:\jenkins\workspace\8-2-build-windows-amd64-cygwin\jdk8u281\880\hotspot\src\share\vm\prims\jvm.cpp, line 1512]
Event: 0.145 Thread 0x000001a6729d2800 Exception <a 'java/security/PrivilegedActionException'> (0x000000076b4272f8) thrown at [C:\jenkins\workspace\8-2-build-windows-amd64-cygwin\jdk8u281\880\hotspot\src\share\vm\prims\jvm.cpp, line 1512]
Event: 0.146 Thread 0x000001a6729d2800 Exception <a 'java/security/PrivilegedActionException'> (0x000000076b42b208) thrown at [C:\jenkins\workspace\8-2-build-windows-amd64-cygwin\jdk8u281\880\hotspot\src\share\vm\prims\jvm.cpp, line 1512]
Event: 0.146 Thread 0x000001a6729d2800 Exception <a 'java/security/PrivilegedActionException'> (0x000000076b42b418) thrown at [C:\jenkins\workspace\8-2-build-windows-amd64-cygwin\jdk8u281\880\hotspot\src\share\vm\prims\jvm.cpp, line 1512]
Event: 0.154 Thread 0x000001a6729d2800 Exception <a 'java/io/FileNotFoundException'> (0x000000076b42d508) thrown at [C:\jenkins\workspace\8-2-build-windows-amd64-cygwin\jdk8u281\880\hotspot\src\share\vm\prims\jni.cpp, line 710]
Event: 0.198 Thread 0x000001a6729d2800 Exception <a 'java/lang/NoSuchFieldError': method resolution failed> (0x000000076b6458a8) thrown at [C:\jenkins\workspace\8-2-build-windows-amd64-cygwin\jdk8u281\880\hotspot\src\share\vm\prims\methodHandles.cpp, line 1169]
Event: 0.201 Thread 0x000001a6729d2800 Exception <a 'java/lang/NoSuchFieldError': method resolution failed> (0x000000076b652bf8) thrown at [C:\jenkins\workspace\8-2-build-windows-amd64-cygwin\jdk8u281\880\hotspot\src\share\vm\prims\methodHandles.cpp, line 1169]
Event: 0.255 Thread 0x000001a6729d2800 Exception <a 'java/io/FileNotFoundException'> (0x000000076b6ed508) thrown at [C:\jenkins\workspace\8-2-build-windows-amd64-cygwin\jdk8u281\880\hotspot\src\share\vm\prims\jni.cpp, line 710]

Events (10 events):
Event: 2.137 loading class com/sun/crypto/provider/GHASH
Event: 2.137 loading class com/sun/crypto/provider/GHASH done
Event: 2.139 loading class sun/security/ssl/SSLCipher$T12GcmReadCipherGenerator$GcmReadCipher
Event: 2.140 loading class sun/security/ssl/SSLCipher$T12GcmReadCipherGenerator$GcmReadCipher done
Event: 2.141 loading class javax/net/ssl/SSLEngineResult$HandshakeStatus
Event: 2.141 loading class javax/net/ssl/SSLEngineResult$HandshakeStatus done
Event: 2.142 loading class com/microsoft/sqlserver/jdbc/AuthenticationJNI
Event: 2.142 loading class com/microsoft/sqlserver/jdbc/AuthenticationJNI done
Event: 2.142 loading class java/lang/ClassLoaderHelper
Event: 2.142 loading class java/lang/ClassLoaderHelper done


Dynamic libraries:
0x00007ff795700000 - 0x00007ff795747000 	C:\Program Files\Java\jdk1.8.0_281\bin\java.exe
0x00007ffca1690000 - 0x00007ffca1885000 	C:\Windows\SYSTEM32\ntdll.dll
0x00007ffca0170000 - 0x00007ffca022d000 	C:\Windows\System32\KERNEL32.DLL
0x00007ffc9ef30000 - 0x00007ffc9f1f8000 	C:\Windows\System32\KERNELBASE.dll
0x00007ffca0e90000 - 0x00007ffca0f3c000 	C:\Windows\System32\ADVAPI32.dll
0x00007ffca0f40000 - 0x00007ffca0fde000 	C:\Windows\System32\msvcrt.dll
0x00007ffca1530000 - 0x00007ffca15cb000 	C:\Windows\System32\sechost.dll
0x00007ffca0000000 - 0x00007ffca012b000 	C:\Windows\System32\RPCRT4.dll
0x00007ffca0510000 - 0x00007ffca06b0000 	C:\Windows\System32\USER32.dll
0x00007ffc9f200000 - 0x00007ffc9f222000 	C:\Windows\System32\win32u.dll
0x00007ffca0230000 - 0x00007ffca025a000 	C:\Windows\System32\GDI32.dll
0x00007ffc9f230000 - 0x00007ffc9f33b000 	C:\Windows\System32\gdi32full.dll
0x00007ffc9f420000 - 0x00007ffc9f4bd000 	C:\Windows\System32\msvcp_win.dll
0x00007ffc9f540000 - 0x00007ffc9f640000 	C:\Windows\System32\ucrtbase.dll
0x00007ffc8c570000 - 0x00007ffc8c80a000 	C:\Windows\WinSxS\amd64_microsoft.windows.common-controls_6595b64144ccf1df_6.0.19041.844_none_ca00b6081b84eb1d\COMCTL32.dll
0x00007ffca0130000 - 0x00007ffca0160000 	C:\Windows\System32\IMM32.DLL
0x00007ffc97260000 - 0x00007ffc97275000 	C:\Program Files\Java\jdk1.8.0_281\jre\bin\vcruntime140.dll
0x00007ffc57850000 - 0x00007ffc578eb000 	C:\Program Files\Java\jdk1.8.0_281\jre\bin\msvcp140.dll
0x0000000061780000 - 0x0000000061fdf000 	C:\Program Files\Java\jdk1.8.0_281\jre\bin\server\jvm.dll
0x00007ffca0160000 - 0x00007ffca0168000 	C:\Windows\System32\PSAPI.DLL
0x00007ffc87500000 - 0x00007ffc87509000 	C:\Windows\SYSTEM32\WSOCK32.dll
0x00007ffc8c810000 - 0x00007ffc8c837000 	C:\Windows\SYSTEM32\WINMM.dll
0x00007ffca15e0000 - 0x00007ffca164b000 	C:\Windows\System32\WS2_32.dll
0x00007ffc90c90000 - 0x00007ffc90c9a000 	C:\Windows\SYSTEM32\VERSION.dll
0x00007ffc9d6a0000 - 0x00007ffc9d6b2000 	C:\Windows\SYSTEM32\kernel.appcore.dll
0x00007ffc9bf70000 - 0x00007ffc9bf80000 	C:\Program Files\Java\jdk1.8.0_281\jre\bin\verify.dll
0x00007ffc96800000 - 0x00007ffc9682b000 	C:\Program Files\Java\jdk1.8.0_281\jre\bin\java.dll
0x00007ffc96b80000 - 0x00007ffc96b98000 	C:\Program Files\Java\jdk1.8.0_281\jre\bin\zip.dll
0x00007ffc9f8b0000 - 0x00007ffc9fff2000 	C:\Windows\System32\SHELL32.dll
0x00007ffc9cdb0000 - 0x00007ffc9d541000 	C:\Windows\SYSTEM32\windows.storage.dll
0x00007ffca11d0000 - 0x00007ffca1525000 	C:\Windows\System32\combase.dll
0x00007ffc9e840000 - 0x00007ffc9e86c000 	C:\Windows\SYSTEM32\Wldp.dll
0x00007ffca0460000 - 0x00007ffca050e000 	C:\Windows\System32\SHCORE.dll
0x00007ffca10b0000 - 0x00007ffca1105000 	C:\Windows\System32\shlwapi.dll
0x00007ffc9ed10000 - 0x00007ffc9ed2f000 	C:\Windows\SYSTEM32\profapi.dll
0x00007ffc4e9c0000 - 0x00007ffc4eb55000 	C:\Program Files\Java\jdk1.8.0_281\jre\bin\awt.dll
0x00007ffca0fe0000 - 0x00007ffca10ad000 	C:\Windows\System32\OLEAUT32.dll
0x00007ffc9c180000 - 0x00007ffc9c210000 	C:\Windows\SYSTEM32\apphelp.dll
0x00007ffc9c630000 - 0x00007ffc9c65f000 	C:\Windows\system32\DWMAPI.DLL
0x00007ffc9c370000 - 0x00007ffc9c40e000 	C:\Windows\system32\uxtheme.dll
0x00007ffc79ad0000 - 0x00007ffc79bf6000 	C:\Windows\system32\opengl32.dll
0x00007ffc8abb0000 - 0x00007ffc8abdc000 	C:\Windows\SYSTEM32\GLU32.dll
0x00007ffca0d70000 - 0x00007ffca0e85000 	C:\Windows\System32\MSCTF.dll
0x00007ffca0310000 - 0x00007ffca043a000 	C:\Windows\System32\ole32.dll
0x00007ffc9f4c0000 - 0x00007ffc9f540000 	C:\Windows\System32\bcryptPrimitives.dll
0x00007ffc962b0000 - 0x00007ffc962f9000 	C:\Program Files\Java\jdk1.8.0_281\jre\bin\fontmanager.dll
0x00007ffc963b0000 - 0x00007ffc963cc000 	C:\Program Files\Java\jdk1.8.0_281\jre\bin\net.dll
0x00007ffc9e5b0000 - 0x00007ffc9e61a000 	C:\Windows\system32\mswsock.dll
0x00007ffc91680000 - 0x00007ffc91693000 	C:\Program Files\Java\jdk1.8.0_281\jre\bin\nio.dll
0x00007ffc8ed70000 - 0x00007ffc8edb3000 	C:\Program Files\Java\jdk1.8.0_281\jre\bin\t2k.dll
0x00007ffca0260000 - 0x00007ffca0309000 	C:\Windows\System32\clbcatq.dll
0x00007ffc98e40000 - 0x00007ffc98ff4000 	C:\Windows\SYSTEM32\WindowsCodecs.dll
0x00007ffc9f340000 - 0x00007ffc9f367000 	C:\Windows\System32\bcrypt.dll
0x00007ffc88940000 - 0x00007ffc8897e000 	C:\Windows\system32\dataexchange.dll
0x00007ffc9b2a0000 - 0x00007ffc9b485000 	C:\Windows\system32\dcomp.dll
0x00007ffc9a9c0000 - 0x00007ffc9ac24000 	C:\Windows\system32\d3d11.dll
0x00007ffc9d710000 - 0x00007ffc9d803000 	C:\Windows\system32\dxgi.dll
0x00007ffc99230000 - 0x00007ffc99431000 	C:\Windows\system32\twinapi.appcore.dll
0x00007ffc9e290000 - 0x00007ffc9e35c000 	C:\Windows\SYSTEM32\DNSAPI.dll
0x00007ffc9e250000 - 0x00007ffc9e28b000 	C:\Windows\SYSTEM32\IPHLPAPI.DLL
0x00007ffca15d0000 - 0x00007ffca15d8000 	C:\Windows\System32\NSI.dll
0x00007ffc8fab0000 - 0x00007ffc8faba000 	C:\Windows\System32\rasadhlp.dll
0x00007ffc8f8d0000 - 0x00007ffc8f94f000 	C:\Windows\System32\fwpuclnt.dll
0x00007ffc91650000 - 0x00007ffc91674000 	C:\Program Files\Java\jdk1.8.0_281\jre\bin\sunec.dll
0x00007ffc90cd0000 - 0x00007ffc90ce7000 	C:\Windows\SYSTEM32\dhcpcsvc6.DLL
0x00007ffc90cb0000 - 0x00007ffc90ccd000 	C:\Windows\SYSTEM32\dhcpcsvc.DLL
0x00007ffc9e780000 - 0x00007ffc9e798000 	C:\Windows\SYSTEM32\CRYPTSP.dll
0x00007ffc9dee0000 - 0x00007ffc9df14000 	C:\Windows\system32\rsaenh.dll
0x00007ffc9ecd0000 - 0x00007ffc9ecfe000 	C:\Windows\SYSTEM32\USERENV.dll
0x00007ffc9e7a0000 - 0x00007ffc9e7ac000 	C:\Windows\SYSTEM32\CRYPTBASE.dll
0x00007ffc99e50000 - 0x00007ffc99e5d000 	C:\Program Files\Java\jdk1.8.0_281\jre\bin\sunmscapi.dll
0x00007ffc9edd0000 - 0x00007ffc9ef2f000 	C:\Windows\System32\CRYPT32.dll
0x00007ffc9e8b0000 - 0x00007ffc9e8d7000 	C:\Windows\SYSTEM32\ncrypt.dll
0x00007ffc9e870000 - 0x00007ffc9e8ab000 	C:\Windows\SYSTEM32\NTASN1.dll
0x00007ffc6e3a0000 - 0x00007ffc6e3ef000 	C:\Program Files\Java\jdk1.8.0_281\bin\sqljdbc_auth.dll
0x00007ffc8b1a0000 - 0x00007ffc8b1ac000 	C:\Windows\system32\secur32.dll
0x00007ffc9ec90000 - 0x00007ffc9ecc1000 	C:\Windows\SYSTEM32\SSPICLI.DLL
0x00007ffc9e670000 - 0x00007ffc9e77b000 	C:\Windows\system32\kerberos.DLL
0x00007ffc9e9c0000 - 0x00007ffc9e9d2000 	C:\Windows\SYSTEM32\MSASN1.dll
0x00007ffc9e520000 - 0x00007ffc9e5ad000 	C:\Windows\system32\msv1_0.DLL
0x00007ffc9e500000 - 0x00007ffc9e513000 	C:\Windows\SYSTEM32\NtlmShared.dll
0x00007ffc9e620000 - 0x00007ffc9e635000 	C:\Windows\SYSTEM32\cryptdll.dll
0x00007ffc6b4e0000 - 0x00007ffc6b50a000 	C:\Windows\system32\ntdsapi.dll
0x00007ffc7ad40000 - 0x00007ffc7ad57000 	C:\Windows\system32\napinsp.dll
0x00007ffc7aaa0000 - 0x00007ffc7aabb000 	C:\Windows\system32\pnrpnsp.dll
0x00007ffc7aa80000 - 0x00007ffc7aa95000 	C:\Windows\system32\wshbth.dll
0x00007ffc99e30000 - 0x00007ffc99e4d000 	C:\Windows\system32\NLAapi.dll
0x00007ffc7aa60000 - 0x00007ffc7aa72000 	C:\Windows\System32\winrnr.dll
0x00007ffc9cbc0000 - 0x00007ffc9cda4000 	C:\Windows\SYSTEM32\dbghelp.dll

VM Arguments:
jvm_args: -Dfile.encoding=UTF-8 
java_command: Process.MainClass
java_class_path (initial): D:\JavaKy2Projects\quanLyHoaDon\lib\sqljdbc4-3.0.jar;D:\JavaKy2Projects\quanLyHoaDon\build\classes
Launcher Type: SUN_STANDARD

Environment Variables:
PATH=C:\Program Files (x86)\Common Files\Oracle\Java\javapath;C:\Program Files\Common Files\Oracle\Java\javapath;C:\Windows\system32;C:\Windows;C:\Windows\System32\Wbem;C:\Windows\System32\WindowsPowerShell\v1.0\;C:\Windows\System32\OpenSSH\;C:\Program Files\Git\cmd;C:\Program Files\Microsoft SQL Server\Client SDK\ODBC\170\Tools\Binn\;C:\Program Files\nodejs\;C:\Program Files (x86)\Microsoft SQL Server\150\Tools\Binn\;C:\Program Files\Microsoft SQL Server\150\Tools\Binn\;C:\Program Files\Microsoft SQL Server\150\DTS\Binn\;C:\Program Files (x86)\Microsoft SQL Server\Client SDK\ODBC\130\Tools\Binn\;C:\Program Files (x86)\Microsoft SQL Server\140\Tools\Binn\;C:\Program Files (x86)\Microsoft SQL Server\140\DTS\Binn\;C:\Program Files (x86)\Microsoft SQL Server\140\Tools\Binn\ManagementStudio\;C:\Program Files (x86)\Microsoft SQL Server\150\DTS\Binn\;C:\Program Files\Microsoft SQL Server\130\Tools\Binn\;C:\Program Files\dotnet\;C:\Users\MINH\AppData\Local\Microsoft\WindowsApps;;C:\Users\MINH\AppData\Local\Programs\Microsoft VS Code\bin;C:\Program Files\Azure Data Studio\bin;C:\Users\MINH\AppData\Roaming\npm;C:\Program Files\Azure Data Studio\bin;C:\Users\MINH\.dotnet\tools
USERNAME=MINH
OS=Windows_NT
PROCESSOR_IDENTIFIER=Intel64 Family 6 Model 78 Stepping 3, GenuineIntel



---------------  S Y S T E M  ---------------

OS: Windows 10.0 , 64 bit Build 19041 (10.0.19041.928)

CPU:total 4 (initial active 4) (2 cores per cpu, 2 threads per core) family 6 model 78 stepping 3, cmov, cx8, fxsr, mmx, sse, sse2, sse3, ssse3, sse4.1, sse4.2, popcnt, avx, avx2, aes, clmul, erms, rtm, 3dnowpref, lzcnt, ht, tsc, tscinvbit, bmi1, bmi2, adx

Memory: 4k page, physical 16666420k(9460196k free), swap 19156788k(10698288k free)

vm_info: Java HotSpot(TM) 64-Bit Server VM (25.281-b09) for windows-amd64 JRE (1.8.0_281-b09), built on Dec  9 2020 13:54:07 by "" with MS VC++ 15.9 (VS2017)

time: Thu Apr 22 13:15:43 2021
timezone: SE Asia Standard Time
elapsed time: 2.214741 seconds (0d 0h 0m 2s)

